<?xml version="1.0" encoding="UTF-8"?>
<testng-results skipped="0" failed="0" total="34" passed="34">
  <reporter-output>
  </reporter-output>
  <suite name="Suite" duration-ms="4025094" started-at="2019-06-24T13:18:22Z" finished-at="2019-06-24T14:25:27Z">
    <groups>
      <group name="cucumber">
        <method signature="AbstractTestNGCucumberTests.feature(cucumber.api.testng.CucumberFeatureWrapper)[pri:0, instance:DSTPS.Automation.HybridDesktop.MemberLookupAutomation.runners.SearchMemberLookUpAndVerifyMemberDetails_TestRunner@1f36e637]" name="feature" class="cucumber.api.testng.AbstractTestNGCucumberTests"/>
        <method signature="AbstractTestNGCucumberTests.feature(cucumber.api.testng.CucumberFeatureWrapper)[pri:0, instance:DSTPS.Automation.HybridDesktop.MemberLookupAutomation.runners.VerifyMemberLookUpBenefitsAndEligibilityCallNotes_TestRunner@9660f4e]" name="feature" class="cucumber.api.testng.AbstractTestNGCucumberTests"/>
        <method signature="AbstractTestNGCucumberTests.feature(cucumber.api.testng.CucumberFeatureWrapper)[pri:0, instance:DSTPS.Automation.HybridDesktop.MemberLookupAutomation.runners.VerifyMemberLookUpBenefitsAndEligibilityDetail_TestRunner@4f063c0a]" name="feature" class="cucumber.api.testng.AbstractTestNGCucumberTests"/>
        <method signature="AbstractTestNGCucumberTests.feature(cucumber.api.testng.CucumberFeatureWrapper)[pri:0, instance:DSTPS.Automation.HybridDesktop.MemberLookupAutomation.runners.VerifyMemberLookUpBenefitsAndEligibilityCoverageAndCopay_TestRunner@26aa12dd]" name="feature" class="cucumber.api.testng.AbstractTestNGCucumberTests"/>
        <method signature="AbstractTestNGCucumberTests.feature(cucumber.api.testng.CucumberFeatureWrapper)[pri:0, instance:DSTPS.Automation.HybridDesktop.MemberLookupAutomation.runners.VerifyMemberLookUpBenefitsAndEligibilityDeductibleAndAccumulator_TestRunner@2d6eabae]" name="feature" class="cucumber.api.testng.AbstractTestNGCucumberTests"/>
        <method signature="AbstractTestNGCucumberTests.feature(cucumber.api.testng.CucumberFeatureWrapper)[pri:0, instance:DSTPS.Automation.HybridDesktop.MemberLookupAutomation.runners.VerifyMemberLookUpBenefitsAndEligibilityPartD_TestRunner@1f7030a6]" name="feature" class="cucumber.api.testng.AbstractTestNGCucumberTests"/>
        <method signature="AbstractTestNGCucumberTests.feature(cucumber.api.testng.CucumberFeatureWrapper)[pri:0, instance:DSTPS.Automation.HybridDesktop.MemberLookupAutomation.runners.VerifyMemberLookUpBenefitsAndEligibilityDualCoverage_TestRunner@1e965684]" name="feature" class="cucumber.api.testng.AbstractTestNGCucumberTests"/>
        <method signature="AbstractTestNGCucumberTests.feature(cucumber.api.testng.CucumberFeatureWrapper)[pri:0, instance:DSTPS.Automation.HybridDesktop.MemberLookupAutomation.runners.VerifyMemberLookUpClaimClaimHistory_TestRunner@4b1c1ea0]" name="feature" class="cucumber.api.testng.AbstractTestNGCucumberTests"/>
        <method signature="AbstractTestNGCucumberTests.feature(cucumber.api.testng.CucumberFeatureWrapper)[pri:0, instance:DSTPS.Automation.HybridDesktop.MemberLookupAutomation.runners.VerifyMemberLookUpClaimClaimDetails_TestRunner@1b68ddbd]" name="feature" class="cucumber.api.testng.AbstractTestNGCucumberTests"/>
        <method signature="AbstractTestNGCucumberTests.feature(cucumber.api.testng.CucumberFeatureWrapper)[pri:0, instance:DSTPS.Automation.HybridDesktop.MemberLookupAutomation.runners.VerifyMemberLookUpClaimContextualHelp_TestRunner@6ee52dcd]" name="feature" class="cucumber.api.testng.AbstractTestNGCucumberTests"/>
        <method signature="AbstractTestNGCucumberTests.feature(cucumber.api.testng.CucumberFeatureWrapper)[pri:0, instance:DSTPS.Automation.HybridDesktop.MemberLookupAutomation.runners.VerifyMemberLookUpClaimTransferRulesCCInformation_TestRunner@11438d26]" name="feature" class="cucumber.api.testng.AbstractTestNGCucumberTests"/>
        <method signature="AbstractTestNGCucumberTests.feature(cucumber.api.testng.CucumberFeatureWrapper)[pri:0, instance:DSTPS.Automation.HybridDesktop.MemberLookupAutomation.runners.VerifyMemberLookUpClaimErrorsAndMessages_TestRunner@30a3107a]" name="feature" class="cucumber.api.testng.AbstractTestNGCucumberTests"/>
        <method signature="AbstractTestNGCucumberTests.feature(cucumber.api.testng.CucumberFeatureWrapper)[pri:0, instance:DSTPS.Automation.HybridDesktop.MemberLookupAutomation.runners.VerifyMemberLookUpClaimDrugUtilizationReiewResponseDetails_TestRunner@78e67e0a]" name="feature" class="cucumber.api.testng.AbstractTestNGCucumberTests"/>
        <method signature="AbstractTestNGCucumberTests.feature(cucumber.api.testng.CucumberFeatureWrapper)[pri:0, instance:DSTPS.Automation.HybridDesktop.MemberLookupAutomation.runners.VerifyMemberLookUpClaimPricing_TestRunner@2a556333]" name="feature" class="cucumber.api.testng.AbstractTestNGCucumberTests"/>
        <method signature="AbstractTestNGCucumberTests.feature(cucumber.api.testng.CucumberFeatureWrapper)[pri:0, instance:DSTPS.Automation.HybridDesktop.MemberLookupAutomation.runners.VerifyMemberLookUpClaimBenefits_TestRunner@2173f6d9]" name="feature" class="cucumber.api.testng.AbstractTestNGCucumberTests"/>
        <method signature="AbstractTestNGCucumberTests.feature(cucumber.api.testng.CucumberFeatureWrapper)[pri:0, instance:DSTPS.Automation.HybridDesktop.MemberLookupAutomation.runners.VerifyMemberLookUpClaimDrugInformation_TestRunner@c46bcd4]" name="feature" class="cucumber.api.testng.AbstractTestNGCucumberTests"/>
        <method signature="AbstractTestNGCucumberTests.feature(cucumber.api.testng.CucumberFeatureWrapper)[pri:0, instance:DSTPS.Automation.HybridDesktop.MemberLookupAutomation.runners.VerifyMemberLookUpClaimAdditionalInformation_TestRunner@436e852b]" name="feature" class="cucumber.api.testng.AbstractTestNGCucumberTests"/>
        <method signature="AbstractTestNGCucumberTests.feature(cucumber.api.testng.CucumberFeatureWrapper)[pri:0, instance:DSTPS.Automation.HybridDesktop.MemberLookupAutomation.runners.VerifyMemberLookUpClaimClaimRawData_TestRunner@6b57696f]" name="feature" class="cucumber.api.testng.AbstractTestNGCucumberTests"/>
        <method signature="AbstractTestNGCucumberTests.feature(cucumber.api.testng.CucumberFeatureWrapper)[pri:0, instance:DSTPS.Automation.HybridDesktop.MemberLookupAutomation.runners.VerifyMemberLookUpClaimMedicarePartD_TestRunner@4abdb505]" name="feature" class="cucumber.api.testng.AbstractTestNGCucumberTests"/>
        <method signature="AbstractTestNGCucumberTests.feature(cucumber.api.testng.CucumberFeatureWrapper)[pri:0, instance:DSTPS.Automation.HybridDesktop.MemberLookupAutomation.runners.VerifyMemberLookUpClaimCompound_TestRunner@42d8062c]" name="feature" class="cucumber.api.testng.AbstractTestNGCucumberTests"/>
        <method signature="AbstractTestNGCucumberTests.feature(cucumber.api.testng.CucumberFeatureWrapper)[pri:0, instance:DSTPS.Automation.HybridDesktop.MemberLookupAutomation.runners.VerifyMemberLookUpClaimCallNotes_TestRunner@5f3a4b84]" name="feature" class="cucumber.api.testng.AbstractTestNGCucumberTests"/>
        <method signature="AbstractTestNGCucumberTests.feature(cucumber.api.testng.CucumberFeatureWrapper)[pri:0, instance:DSTPS.Automation.HybridDesktop.MemberLookupAutomation.runners.VerifyMemberLookUpFormularyCallNotes_TestRunner@13c27452]" name="feature" class="cucumber.api.testng.AbstractTestNGCucumberTests"/>
        <method signature="AbstractTestNGCucumberTests.feature(cucumber.api.testng.CucumberFeatureWrapper)[pri:0, instance:DSTPS.Automation.HybridDesktop.MemberLookupAutomation.runners.VerifyMemberLookUpFormularyDrugResults_TestRunner@1a3869f4]" name="feature" class="cucumber.api.testng.AbstractTestNGCucumberTests"/>
        <method signature="AbstractTestNGCucumberTests.feature(cucumber.api.testng.CucumberFeatureWrapper)[pri:0, instance:DSTPS.Automation.HybridDesktop.MemberLookupAutomation.runners.VerifyMemberLookUpFormularyGeneralInformation_TestRunner@6121c9d6]" name="feature" class="cucumber.api.testng.AbstractTestNGCucumberTests"/>
        <method signature="AbstractTestNGCucumberTests.feature(cucumber.api.testng.CucumberFeatureWrapper)[pri:0, instance:DSTPS.Automation.HybridDesktop.MemberLookupAutomation.runners.VerifyMemberLookUpFormularyMinMaxDose_TestRunner@e720b71]" name="feature" class="cucumber.api.testng.AbstractTestNGCucumberTests"/>
        <method signature="AbstractTestNGCucumberTests.feature(cucumber.api.testng.CucumberFeatureWrapper)[pri:0, instance:DSTPS.Automation.HybridDesktop.MemberLookupAutomation.runners.VerifyMemberLookUpAuthorizationCallNotes_TestRunner@4a87761d]" name="feature" class="cucumber.api.testng.AbstractTestNGCucumberTests"/>
        <method signature="AbstractTestNGCucumberTests.feature(cucumber.api.testng.CucumberFeatureWrapper)[pri:0, instance:DSTPS.Automation.HybridDesktop.MemberLookupAutomation.runners.VerifyMemberLookUpAuthResults_TestRunner@42eca56e]" name="feature" class="cucumber.api.testng.AbstractTestNGCucumberTests"/>
        <method signature="AbstractTestNGCucumberTests.feature(cucumber.api.testng.CucumberFeatureWrapper)[pri:0, instance:DSTPS.Automation.HybridDesktop.MemberLookupAutomation.runners.VerifyMemberLookUpAuthorizationGeneralInformation_TestRunner@64f6106c]" name="feature" class="cucumber.api.testng.AbstractTestNGCucumberTests"/>
        <method signature="AbstractTestNGCucumberTests.feature(cucumber.api.testng.CucumberFeatureWrapper)[pri:0, instance:DSTPS.Automation.HybridDesktop.MemberLookupAutomation.runners.VerifyMemberLookUpAuthorizationNotesAndHistory_TestRunner@28ac3dc3]" name="feature" class="cucumber.api.testng.AbstractTestNGCucumberTests"/>
        <method signature="AbstractTestNGCucumberTests.feature(cucumber.api.testng.CucumberFeatureWrapper)[pri:0, instance:DSTPS.Automation.HybridDesktop.MemberLookupAutomation.runners.VerifyMemberLookUpReimbursementCallNotes_TestRunner@43738a82]" name="feature" class="cucumber.api.testng.AbstractTestNGCucumberTests"/>
        <method signature="AbstractTestNGCucumberTests.feature(cucumber.api.testng.CucumberFeatureWrapper)[pri:0, instance:DSTPS.Automation.HybridDesktop.MemberLookupAutomation.runners.VerifyMemberLookUpReimbursementResults_TestRunner@3891771e]" name="feature" class="cucumber.api.testng.AbstractTestNGCucumberTests"/>
        <method signature="AbstractTestNGCucumberTests.feature(cucumber.api.testng.CucumberFeatureWrapper)[pri:0, instance:DSTPS.Automation.HybridDesktop.MemberLookupAutomation.runners.VerifyMemberLookUpCallNotes_TestRunner@18bf3d14]" name="feature" class="cucumber.api.testng.AbstractTestNGCucumberTests"/>
        <method signature="AbstractTestNGCucumberTests.feature(cucumber.api.testng.CucumberFeatureWrapper)[pri:0, instance:DSTPS.Automation.HybridDesktop.MemberLookupAutomation.runners.VerifyMemberLookUpPharmacyCallNotes_TestRunner@7276c8cd]" name="feature" class="cucumber.api.testng.AbstractTestNGCucumberTests"/>
        <method signature="AbstractTestNGCucumberTests.feature(cucumber.api.testng.CucumberFeatureWrapper)[pri:0, instance:DSTPS.Automation.HybridDesktop.MemberLookupAutomation.runners.VerifyMemberLookUpPharmacyResults_TestRunner@704d6e83]" name="feature" class="cucumber.api.testng.AbstractTestNGCucumberTests"/>
      </group> <!-- cucumber -->
    </groups>
    <test name="MemberLookup_Search_VerifyMemberDetailsFeature" duration-ms="113660" started-at="2019-06-24T13:18:22Z" finished-at="2019-06-24T13:20:16Z">
      <class name="DSTPS.Automation.HybridDesktop.MemberLookupAutomation.runners.SearchMemberLookUpAndVerifyMemberDetails_TestRunner">
        <test-method status="PASS" signature="setUpClass()[pri:0, instance:DSTPS.Automation.HybridDesktop.MemberLookupAutomation.runners.SearchMemberLookUpAndVerifyMemberDetails_TestRunner@1f36e637]" name="setUpClass" is-config="true" duration-ms="1223" started-at="2019-06-24T18:48:22Z" finished-at="2019-06-24T18:48:24Z">
          <reporter-output>
          </reporter-output>
        </test-method> <!-- setUpClass -->
        <test-method status="PASS" signature="feature(cucumber.api.testng.CucumberFeatureWrapper)[pri:0, instance:DSTPS.Automation.HybridDesktop.MemberLookupAutomation.runners.SearchMemberLookUpAndVerifyMemberDetails_TestRunner@1f36e637]" name="feature" duration-ms="111953" started-at="2019-06-24T18:48:24Z" description="Runs Cucumber Feature" data-provider="features" finished-at="2019-06-24T18:50:16Z">
          <params>
            <param index="0">
              <value>
                <![CDATA[MemberLookup Search and verify Member Details]]>
              </value>
            </param>
          </params>
          <reporter-output>
          </reporter-output>
        </test-method> <!-- feature -->
        <test-method status="PASS" signature="tearDownClass()[pri:0, instance:DSTPS.Automation.HybridDesktop.MemberLookupAutomation.runners.SearchMemberLookUpAndVerifyMemberDetails_TestRunner@1f36e637]" name="tearDownClass" is-config="true" duration-ms="259" started-at="2019-06-24T18:50:16Z" finished-at="2019-06-24T18:50:16Z">
          <reporter-output>
          </reporter-output>
        </test-method> <!-- tearDownClass -->
      </class> <!-- DSTPS.Automation.HybridDesktop.MemberLookupAutomation.runners.SearchMemberLookUpAndVerifyMemberDetails_TestRunner -->
    </test> <!-- MemberLookup_Search_VerifyMemberDetailsFeature -->
    <test name="MemberLookup_BenefitsEligibility_Verify_CallNotesFeature" duration-ms="116093" started-at="2019-06-24T13:20:16Z" finished-at="2019-06-24T13:22:12Z">
      <class name="DSTPS.Automation.HybridDesktop.MemberLookupAutomation.runners.VerifyMemberLookUpBenefitsAndEligibilityCallNotes_TestRunner">
        <test-method status="PASS" signature="setUpClass()[pri:0, instance:DSTPS.Automation.HybridDesktop.MemberLookupAutomation.runners.VerifyMemberLookUpBenefitsAndEligibilityCallNotes_TestRunner@9660f4e]" name="setUpClass" is-config="true" duration-ms="144" started-at="2019-06-24T18:50:16Z" finished-at="2019-06-24T18:50:16Z">
          <reporter-output>
          </reporter-output>
        </test-method> <!-- setUpClass -->
        <test-method status="PASS" signature="feature(cucumber.api.testng.CucumberFeatureWrapper)[pri:0, instance:DSTPS.Automation.HybridDesktop.MemberLookupAutomation.runners.VerifyMemberLookUpBenefitsAndEligibilityCallNotes_TestRunner@9660f4e]" name="feature" duration-ms="115728" started-at="2019-06-24T18:50:16Z" description="Runs Cucumber Feature" data-provider="features" finished-at="2019-06-24T18:52:12Z">
          <params>
            <param index="0">
              <value>
                <![CDATA[MemberLookup Search and verify Benefits and Eligibility Call Notes]]>
              </value>
            </param>
          </params>
          <reporter-output>
          </reporter-output>
        </test-method> <!-- feature -->
        <test-method status="PASS" signature="tearDownClass()[pri:0, instance:DSTPS.Automation.HybridDesktop.MemberLookupAutomation.runners.VerifyMemberLookUpBenefitsAndEligibilityCallNotes_TestRunner@9660f4e]" name="tearDownClass" is-config="true" duration-ms="194" started-at="2019-06-24T18:52:12Z" finished-at="2019-06-24T18:52:12Z">
          <reporter-output>
          </reporter-output>
        </test-method> <!-- tearDownClass -->
      </class> <!-- DSTPS.Automation.HybridDesktop.MemberLookupAutomation.runners.VerifyMemberLookUpBenefitsAndEligibilityCallNotes_TestRunner -->
    </test> <!-- MemberLookup_BenefitsEligibility_Verify_CallNotesFeature -->
    <test name="MemberLookup_BenefitsEligibility_Verify_BAndEDetailFeature" duration-ms="141545" started-at="2019-06-24T13:22:12Z" finished-at="2019-06-24T13:24:34Z">
      <class name="DSTPS.Automation.HybridDesktop.MemberLookupAutomation.runners.VerifyMemberLookUpBenefitsAndEligibilityDetail_TestRunner">
        <test-method status="PASS" signature="setUpClass()[pri:0, instance:DSTPS.Automation.HybridDesktop.MemberLookupAutomation.runners.VerifyMemberLookUpBenefitsAndEligibilityDetail_TestRunner@4f063c0a]" name="setUpClass" is-config="true" duration-ms="114" started-at="2019-06-24T18:52:12Z" finished-at="2019-06-24T18:52:12Z">
          <reporter-output>
          </reporter-output>
        </test-method> <!-- setUpClass -->
        <test-method status="PASS" signature="feature(cucumber.api.testng.CucumberFeatureWrapper)[pri:0, instance:DSTPS.Automation.HybridDesktop.MemberLookupAutomation.runners.VerifyMemberLookUpBenefitsAndEligibilityDetail_TestRunner@4f063c0a]" name="feature" duration-ms="141143" started-at="2019-06-24T18:52:12Z" description="Runs Cucumber Feature" data-provider="features" finished-at="2019-06-24T18:54:34Z">
          <params>
            <param index="0">
              <value>
                <![CDATA[MemberLookup Search and verify Benefits and Eligibility B&E Detail]]>
              </value>
            </param>
          </params>
          <reporter-output>
          </reporter-output>
        </test-method> <!-- feature -->
        <test-method status="PASS" signature="tearDownClass()[pri:0, instance:DSTPS.Automation.HybridDesktop.MemberLookupAutomation.runners.VerifyMemberLookUpBenefitsAndEligibilityDetail_TestRunner@4f063c0a]" name="tearDownClass" is-config="true" duration-ms="184" started-at="2019-06-24T18:54:34Z" finished-at="2019-06-24T18:54:34Z">
          <reporter-output>
          </reporter-output>
        </test-method> <!-- tearDownClass -->
      </class> <!-- DSTPS.Automation.HybridDesktop.MemberLookupAutomation.runners.VerifyMemberLookUpBenefitsAndEligibilityDetail_TestRunner -->
    </test> <!-- MemberLookup_BenefitsEligibility_Verify_BAndEDetailFeature -->
    <test name="MemberLookup_BenefitsEligibility_Verify_CoverageAndCopayFeature" duration-ms="109111" started-at="2019-06-24T13:24:34Z" finished-at="2019-06-24T13:26:23Z">
      <class name="DSTPS.Automation.HybridDesktop.MemberLookupAutomation.runners.VerifyMemberLookUpBenefitsAndEligibilityCoverageAndCopay_TestRunner">
        <test-method status="PASS" signature="setUpClass()[pri:0, instance:DSTPS.Automation.HybridDesktop.MemberLookupAutomation.runners.VerifyMemberLookUpBenefitsAndEligibilityCoverageAndCopay_TestRunner@26aa12dd]" name="setUpClass" is-config="true" duration-ms="89" started-at="2019-06-24T18:54:34Z" finished-at="2019-06-24T18:54:34Z">
          <reporter-output>
          </reporter-output>
        </test-method> <!-- setUpClass -->
        <test-method status="PASS" signature="feature(cucumber.api.testng.CucumberFeatureWrapper)[pri:0, instance:DSTPS.Automation.HybridDesktop.MemberLookupAutomation.runners.VerifyMemberLookUpBenefitsAndEligibilityCoverageAndCopay_TestRunner@26aa12dd]" name="feature" duration-ms="108833" started-at="2019-06-24T18:54:34Z" description="Runs Cucumber Feature" data-provider="features" finished-at="2019-06-24T18:56:23Z">
          <params>
            <param index="0">
              <value>
                <![CDATA[MemberLookup Search and verify Benefits and Eligibility Coverage & Copay]]>
              </value>
            </param>
          </params>
          <reporter-output>
          </reporter-output>
        </test-method> <!-- feature -->
        <test-method status="PASS" signature="tearDownClass()[pri:0, instance:DSTPS.Automation.HybridDesktop.MemberLookupAutomation.runners.VerifyMemberLookUpBenefitsAndEligibilityCoverageAndCopay_TestRunner@26aa12dd]" name="tearDownClass" is-config="true" duration-ms="157" started-at="2019-06-24T18:56:23Z" finished-at="2019-06-24T18:56:23Z">
          <reporter-output>
          </reporter-output>
        </test-method> <!-- tearDownClass -->
      </class> <!-- DSTPS.Automation.HybridDesktop.MemberLookupAutomation.runners.VerifyMemberLookUpBenefitsAndEligibilityCoverageAndCopay_TestRunner -->
    </test> <!-- MemberLookup_BenefitsEligibility_Verify_CoverageAndCopayFeature -->
    <test name="MemberLookup_BenefitsEligibility_Verify_DeduductibleAndAccumulatorsFeature" duration-ms="124407" started-at="2019-06-24T13:26:23Z" finished-at="2019-06-24T13:28:27Z">
      <class name="DSTPS.Automation.HybridDesktop.MemberLookupAutomation.runners.VerifyMemberLookUpBenefitsAndEligibilityDeductibleAndAccumulator_TestRunner">
        <test-method status="PASS" signature="setUpClass()[pri:0, instance:DSTPS.Automation.HybridDesktop.MemberLookupAutomation.runners.VerifyMemberLookUpBenefitsAndEligibilityDeductibleAndAccumulator_TestRunner@2d6eabae]" name="setUpClass" is-config="true" duration-ms="90" started-at="2019-06-24T18:56:23Z" finished-at="2019-06-24T18:56:23Z">
          <reporter-output>
          </reporter-output>
        </test-method> <!-- setUpClass -->
        <test-method status="PASS" signature="feature(cucumber.api.testng.CucumberFeatureWrapper)[pri:0, instance:DSTPS.Automation.HybridDesktop.MemberLookupAutomation.runners.VerifyMemberLookUpBenefitsAndEligibilityDeductibleAndAccumulator_TestRunner@2d6eabae]" name="feature" duration-ms="124125" started-at="2019-06-24T18:56:23Z" description="Runs Cucumber Feature" data-provider="features" finished-at="2019-06-24T18:58:27Z">
          <params>
            <param index="0">
              <value>
                <![CDATA[MemberLookup Search and verify Benefits and Eligibility Deductible & Accumulators]]>
              </value>
            </param>
          </params>
          <reporter-output>
          </reporter-output>
        </test-method> <!-- feature -->
        <test-method status="PASS" signature="tearDownClass()[pri:0, instance:DSTPS.Automation.HybridDesktop.MemberLookupAutomation.runners.VerifyMemberLookUpBenefitsAndEligibilityDeductibleAndAccumulator_TestRunner@2d6eabae]" name="tearDownClass" is-config="true" duration-ms="155" started-at="2019-06-24T18:58:27Z" finished-at="2019-06-24T18:58:27Z">
          <reporter-output>
          </reporter-output>
        </test-method> <!-- tearDownClass -->
      </class> <!-- DSTPS.Automation.HybridDesktop.MemberLookupAutomation.runners.VerifyMemberLookUpBenefitsAndEligibilityDeductibleAndAccumulator_TestRunner -->
    </test> <!-- MemberLookup_BenefitsEligibility_Verify_DeduductibleAndAccumulatorsFeature -->
    <test name="MemberLookup_BenefitsEligibility_Verify_PartDFeature" duration-ms="116824" started-at="2019-06-24T13:28:27Z" finished-at="2019-06-24T13:30:24Z">
      <class name="DSTPS.Automation.HybridDesktop.MemberLookupAutomation.runners.VerifyMemberLookUpBenefitsAndEligibilityPartD_TestRunner">
        <test-method status="PASS" signature="setUpClass()[pri:0, instance:DSTPS.Automation.HybridDesktop.MemberLookupAutomation.runners.VerifyMemberLookUpBenefitsAndEligibilityPartD_TestRunner@1f7030a6]" name="setUpClass" is-config="true" duration-ms="89" started-at="2019-06-24T18:58:27Z" finished-at="2019-06-24T18:58:27Z">
          <reporter-output>
          </reporter-output>
        </test-method> <!-- setUpClass -->
        <test-method status="PASS" signature="feature(cucumber.api.testng.CucumberFeatureWrapper)[pri:0, instance:DSTPS.Automation.HybridDesktop.MemberLookupAutomation.runners.VerifyMemberLookUpBenefitsAndEligibilityPartD_TestRunner@1f7030a6]" name="feature" duration-ms="116522" started-at="2019-06-24T18:58:27Z" description="Runs Cucumber Feature" data-provider="features" finished-at="2019-06-24T19:00:24Z">
          <params>
            <param index="0">
              <value>
                <![CDATA[MemberLookup Search and verify Benefits and Eligibility Part D]]>
              </value>
            </param>
          </params>
          <reporter-output>
          </reporter-output>
        </test-method> <!-- feature -->
        <test-method status="PASS" signature="tearDownClass()[pri:0, instance:DSTPS.Automation.HybridDesktop.MemberLookupAutomation.runners.VerifyMemberLookUpBenefitsAndEligibilityPartD_TestRunner@1f7030a6]" name="tearDownClass" is-config="true" duration-ms="151" started-at="2019-06-24T19:00:24Z" finished-at="2019-06-24T19:00:24Z">
          <reporter-output>
          </reporter-output>
        </test-method> <!-- tearDownClass -->
      </class> <!-- DSTPS.Automation.HybridDesktop.MemberLookupAutomation.runners.VerifyMemberLookUpBenefitsAndEligibilityPartD_TestRunner -->
    </test> <!-- MemberLookup_BenefitsEligibility_Verify_PartDFeature -->
    <test name="MemberLookup_BenefitsEligibility_Verify_DualCoverageFeature" duration-ms="111240" started-at="2019-06-24T13:30:24Z" finished-at="2019-06-24T13:32:15Z">
      <class name="DSTPS.Automation.HybridDesktop.MemberLookupAutomation.runners.VerifyMemberLookUpBenefitsAndEligibilityDualCoverage_TestRunner">
        <test-method status="PASS" signature="setUpClass()[pri:0, instance:DSTPS.Automation.HybridDesktop.MemberLookupAutomation.runners.VerifyMemberLookUpBenefitsAndEligibilityDualCoverage_TestRunner@1e965684]" name="setUpClass" is-config="true" duration-ms="94" started-at="2019-06-24T19:00:24Z" finished-at="2019-06-24T19:00:24Z">
          <reporter-output>
          </reporter-output>
        </test-method> <!-- setUpClass -->
        <test-method status="PASS" signature="feature(cucumber.api.testng.CucumberFeatureWrapper)[pri:0, instance:DSTPS.Automation.HybridDesktop.MemberLookupAutomation.runners.VerifyMemberLookUpBenefitsAndEligibilityDualCoverage_TestRunner@1e965684]" name="feature" duration-ms="110855" started-at="2019-06-24T19:00:24Z" description="Runs Cucumber Feature" data-provider="features" finished-at="2019-06-24T19:02:15Z">
          <params>
            <param index="0">
              <value>
                <![CDATA[MemberLookup Search and verify Benefits and Eligibility Dual Coverage]]>
              </value>
            </param>
          </params>
          <reporter-output>
          </reporter-output>
        </test-method> <!-- feature -->
        <test-method status="PASS" signature="tearDownClass()[pri:0, instance:DSTPS.Automation.HybridDesktop.MemberLookupAutomation.runners.VerifyMemberLookUpBenefitsAndEligibilityDualCoverage_TestRunner@1e965684]" name="tearDownClass" is-config="true" duration-ms="258" started-at="2019-06-24T19:02:15Z" finished-at="2019-06-24T19:02:15Z">
          <reporter-output>
          </reporter-output>
        </test-method> <!-- tearDownClass -->
      </class> <!-- DSTPS.Automation.HybridDesktop.MemberLookupAutomation.runners.VerifyMemberLookUpBenefitsAndEligibilityDualCoverage_TestRunner -->
    </test> <!-- MemberLookup_BenefitsEligibility_Verify_DualCoverageFeature -->
    <test name="MemberLookup_Claim_Verify_ClaimHistoryFeature" duration-ms="114694" started-at="2019-06-24T13:32:15Z" finished-at="2019-06-24T13:34:10Z">
      <class name="DSTPS.Automation.HybridDesktop.MemberLookupAutomation.runners.VerifyMemberLookUpClaimClaimHistory_TestRunner">
        <test-method status="PASS" signature="setUpClass()[pri:0, instance:DSTPS.Automation.HybridDesktop.MemberLookupAutomation.runners.VerifyMemberLookUpClaimClaimHistory_TestRunner@4b1c1ea0]" name="setUpClass" is-config="true" duration-ms="88" started-at="2019-06-24T19:02:15Z" finished-at="2019-06-24T19:02:15Z">
          <reporter-output>
          </reporter-output>
        </test-method> <!-- setUpClass -->
        <test-method status="PASS" signature="feature(cucumber.api.testng.CucumberFeatureWrapper)[pri:0, instance:DSTPS.Automation.HybridDesktop.MemberLookupAutomation.runners.VerifyMemberLookUpClaimClaimHistory_TestRunner@4b1c1ea0]" name="feature" duration-ms="114429" started-at="2019-06-24T19:02:16Z" description="Runs Cucumber Feature" data-provider="features" finished-at="2019-06-24T19:04:10Z">
          <params>
            <param index="0">
              <value>
                <![CDATA[MemberLookup Search verify Claim Claim History]]>
              </value>
            </param>
          </params>
          <reporter-output>
          </reporter-output>
        </test-method> <!-- feature -->
        <test-method status="PASS" signature="tearDownClass()[pri:0, instance:DSTPS.Automation.HybridDesktop.MemberLookupAutomation.runners.VerifyMemberLookUpClaimClaimHistory_TestRunner@4b1c1ea0]" name="tearDownClass" is-config="true" duration-ms="150" started-at="2019-06-24T19:04:10Z" finished-at="2019-06-24T19:04:10Z">
          <reporter-output>
          </reporter-output>
        </test-method> <!-- tearDownClass -->
      </class> <!-- DSTPS.Automation.HybridDesktop.MemberLookupAutomation.runners.VerifyMemberLookUpClaimClaimHistory_TestRunner -->
    </test> <!-- MemberLookup_Claim_Verify_ClaimHistoryFeature -->
    <test name="MemberLookup_Claim_Verify_ClaimDetailFeature" duration-ms="146685" started-at="2019-06-24T13:34:10Z" finished-at="2019-06-24T13:36:37Z">
      <class name="DSTPS.Automation.HybridDesktop.MemberLookupAutomation.runners.VerifyMemberLookUpClaimClaimDetails_TestRunner">
        <test-method status="PASS" signature="setUpClass()[pri:0, instance:DSTPS.Automation.HybridDesktop.MemberLookupAutomation.runners.VerifyMemberLookUpClaimClaimDetails_TestRunner@1b68ddbd]" name="setUpClass" is-config="true" duration-ms="108" started-at="2019-06-24T19:04:10Z" finished-at="2019-06-24T19:04:10Z">
          <reporter-output>
          </reporter-output>
        </test-method> <!-- setUpClass -->
        <test-method status="PASS" signature="feature(cucumber.api.testng.CucumberFeatureWrapper)[pri:0, instance:DSTPS.Automation.HybridDesktop.MemberLookupAutomation.runners.VerifyMemberLookUpClaimClaimDetails_TestRunner@1b68ddbd]" name="feature" duration-ms="146403" started-at="2019-06-24T19:04:10Z" description="Runs Cucumber Feature" data-provider="features" finished-at="2019-06-24T19:06:37Z">
          <params>
            <param index="0">
              <value>
                <![CDATA[MemberLookup Search verify Claim Details]]>
              </value>
            </param>
          </params>
          <reporter-output>
          </reporter-output>
        </test-method> <!-- feature -->
        <test-method status="PASS" signature="tearDownClass()[pri:0, instance:DSTPS.Automation.HybridDesktop.MemberLookupAutomation.runners.VerifyMemberLookUpClaimClaimDetails_TestRunner@1b68ddbd]" name="tearDownClass" is-config="true" duration-ms="153" started-at="2019-06-24T19:06:37Z" finished-at="2019-06-24T19:06:37Z">
          <reporter-output>
          </reporter-output>
        </test-method> <!-- tearDownClass -->
      </class> <!-- DSTPS.Automation.HybridDesktop.MemberLookupAutomation.runners.VerifyMemberLookUpClaimClaimDetails_TestRunner -->
    </test> <!-- MemberLookup_Claim_Verify_ClaimDetailFeature -->
    <test name="MemberLookup_Claim_Verify_ContextualHelpFeature" duration-ms="118954" started-at="2019-06-24T13:36:37Z" finished-at="2019-06-24T13:38:36Z">
      <class name="DSTPS.Automation.HybridDesktop.MemberLookupAutomation.runners.VerifyMemberLookUpClaimContextualHelp_TestRunner">
        <test-method status="PASS" signature="setUpClass()[pri:0, instance:DSTPS.Automation.HybridDesktop.MemberLookupAutomation.runners.VerifyMemberLookUpClaimContextualHelp_TestRunner@6ee52dcd]" name="setUpClass" is-config="true" duration-ms="79" started-at="2019-06-24T19:06:37Z" finished-at="2019-06-24T19:06:37Z">
          <reporter-output>
          </reporter-output>
        </test-method> <!-- setUpClass -->
        <test-method status="PASS" signature="feature(cucumber.api.testng.CucumberFeatureWrapper)[pri:0, instance:DSTPS.Automation.HybridDesktop.MemberLookupAutomation.runners.VerifyMemberLookUpClaimContextualHelp_TestRunner@6ee52dcd]" name="feature" duration-ms="118707" started-at="2019-06-24T19:06:37Z" description="Runs Cucumber Feature" data-provider="features" finished-at="2019-06-24T19:08:36Z">
          <params>
            <param index="0">
              <value>
                <![CDATA[MemberLookup Search verify Contextual Help]]>
              </value>
            </param>
          </params>
          <reporter-output>
          </reporter-output>
        </test-method> <!-- feature -->
        <test-method status="PASS" signature="tearDownClass()[pri:0, instance:DSTPS.Automation.HybridDesktop.MemberLookupAutomation.runners.VerifyMemberLookUpClaimContextualHelp_TestRunner@6ee52dcd]" name="tearDownClass" is-config="true" duration-ms="149" started-at="2019-06-24T19:08:36Z" finished-at="2019-06-24T19:08:36Z">
          <reporter-output>
          </reporter-output>
        </test-method> <!-- tearDownClass -->
      </class> <!-- DSTPS.Automation.HybridDesktop.MemberLookupAutomation.runners.VerifyMemberLookUpClaimContextualHelp_TestRunner -->
    </test> <!-- MemberLookup_Claim_Verify_ContextualHelpFeature -->
    <test name="MemberLookup_Claim_Verify_TransferRulesCCInformationFeature" duration-ms="116963" started-at="2019-06-24T13:38:36Z" finished-at="2019-06-24T13:40:33Z">
      <class name="DSTPS.Automation.HybridDesktop.MemberLookupAutomation.runners.VerifyMemberLookUpClaimTransferRulesCCInformation_TestRunner">
        <test-method status="PASS" signature="setUpClass()[pri:0, instance:DSTPS.Automation.HybridDesktop.MemberLookupAutomation.runners.VerifyMemberLookUpClaimTransferRulesCCInformation_TestRunner@11438d26]" name="setUpClass" is-config="true" duration-ms="81" started-at="2019-06-24T19:08:36Z" finished-at="2019-06-24T19:08:36Z">
          <reporter-output>
          </reporter-output>
        </test-method> <!-- setUpClass -->
        <test-method status="PASS" signature="feature(cucumber.api.testng.CucumberFeatureWrapper)[pri:0, instance:DSTPS.Automation.HybridDesktop.MemberLookupAutomation.runners.VerifyMemberLookUpClaimTransferRulesCCInformation_TestRunner@11438d26]" name="feature" duration-ms="116722" started-at="2019-06-24T19:08:36Z" description="Runs Cucumber Feature" data-provider="features" finished-at="2019-06-24T19:10:33Z">
          <params>
            <param index="0">
              <value>
                <![CDATA[MemberLookup Search verify Transfer Rules CC Information]]>
              </value>
            </param>
          </params>
          <reporter-output>
          </reporter-output>
        </test-method> <!-- feature -->
        <test-method status="PASS" signature="tearDownClass()[pri:0, instance:DSTPS.Automation.HybridDesktop.MemberLookupAutomation.runners.VerifyMemberLookUpClaimTransferRulesCCInformation_TestRunner@11438d26]" name="tearDownClass" is-config="true" duration-ms="150" started-at="2019-06-24T19:10:33Z" finished-at="2019-06-24T19:10:33Z">
          <reporter-output>
          </reporter-output>
        </test-method> <!-- tearDownClass -->
      </class> <!-- DSTPS.Automation.HybridDesktop.MemberLookupAutomation.runners.VerifyMemberLookUpClaimTransferRulesCCInformation_TestRunner -->
    </test> <!-- MemberLookup_Claim_Verify_TransferRulesCCInformationFeature -->
    <test name="MemberLookup_Claim_Verify_ErrorsAndMessagesFeature" duration-ms="115825" started-at="2019-06-24T13:40:33Z" finished-at="2019-06-24T13:42:29Z">
      <class name="DSTPS.Automation.HybridDesktop.MemberLookupAutomation.runners.VerifyMemberLookUpClaimErrorsAndMessages_TestRunner">
        <test-method status="PASS" signature="setUpClass()[pri:0, instance:DSTPS.Automation.HybridDesktop.MemberLookupAutomation.runners.VerifyMemberLookUpClaimErrorsAndMessages_TestRunner@30a3107a]" name="setUpClass" is-config="true" duration-ms="78" started-at="2019-06-24T19:10:33Z" finished-at="2019-06-24T19:10:33Z">
          <reporter-output>
          </reporter-output>
        </test-method> <!-- setUpClass -->
        <test-method status="PASS" signature="feature(cucumber.api.testng.CucumberFeatureWrapper)[pri:0, instance:DSTPS.Automation.HybridDesktop.MemberLookupAutomation.runners.VerifyMemberLookUpClaimErrorsAndMessages_TestRunner@30a3107a]" name="feature" duration-ms="115588" started-at="2019-06-24T19:10:33Z" description="Runs Cucumber Feature" data-provider="features" finished-at="2019-06-24T19:12:28Z">
          <params>
            <param index="0">
              <value>
                <![CDATA[MemberLookup search verify Errors & Messages]]>
              </value>
            </param>
          </params>
          <reporter-output>
          </reporter-output>
        </test-method> <!-- feature -->
        <test-method status="PASS" signature="tearDownClass()[pri:0, instance:DSTPS.Automation.HybridDesktop.MemberLookupAutomation.runners.VerifyMemberLookUpClaimErrorsAndMessages_TestRunner@30a3107a]" name="tearDownClass" is-config="true" duration-ms="147" started-at="2019-06-24T19:12:28Z" finished-at="2019-06-24T19:12:29Z">
          <reporter-output>
          </reporter-output>
        </test-method> <!-- tearDownClass -->
      </class> <!-- DSTPS.Automation.HybridDesktop.MemberLookupAutomation.runners.VerifyMemberLookUpClaimErrorsAndMessages_TestRunner -->
    </test> <!-- MemberLookup_Claim_Verify_ErrorsAndMessagesFeature -->
    <test name="MemberLookup_Claim_Verify_DrugUtilizationReiewResponseDetailsFeature" duration-ms="126148" started-at="2019-06-24T13:42:29Z" finished-at="2019-06-24T13:44:35Z">
      <class name="DSTPS.Automation.HybridDesktop.MemberLookupAutomation.runners.VerifyMemberLookUpClaimDrugUtilizationReiewResponseDetails_TestRunner">
        <test-method status="PASS" signature="setUpClass()[pri:0, instance:DSTPS.Automation.HybridDesktop.MemberLookupAutomation.runners.VerifyMemberLookUpClaimDrugUtilizationReiewResponseDetails_TestRunner@78e67e0a]" name="setUpClass" is-config="true" duration-ms="79" started-at="2019-06-24T19:12:29Z" finished-at="2019-06-24T19:12:29Z">
          <reporter-output>
          </reporter-output>
        </test-method> <!-- setUpClass -->
        <test-method status="PASS" signature="feature(cucumber.api.testng.CucumberFeatureWrapper)[pri:0, instance:DSTPS.Automation.HybridDesktop.MemberLookupAutomation.runners.VerifyMemberLookUpClaimDrugUtilizationReiewResponseDetails_TestRunner@78e67e0a]" name="feature" duration-ms="125900" started-at="2019-06-24T19:12:29Z" description="Runs Cucumber Feature" data-provider="features" finished-at="2019-06-24T19:14:35Z">
          <params>
            <param index="0">
              <value>
                <![CDATA[MemberLookup search verify Drug Utilization Review Response Details]]>
              </value>
            </param>
          </params>
          <reporter-output>
          </reporter-output>
        </test-method> <!-- feature -->
        <test-method status="PASS" signature="tearDownClass()[pri:0, instance:DSTPS.Automation.HybridDesktop.MemberLookupAutomation.runners.VerifyMemberLookUpClaimDrugUtilizationReiewResponseDetails_TestRunner@78e67e0a]" name="tearDownClass" is-config="true" duration-ms="156" started-at="2019-06-24T19:14:35Z" finished-at="2019-06-24T19:14:35Z">
          <reporter-output>
          </reporter-output>
        </test-method> <!-- tearDownClass -->
      </class> <!-- DSTPS.Automation.HybridDesktop.MemberLookupAutomation.runners.VerifyMemberLookUpClaimDrugUtilizationReiewResponseDetails_TestRunner -->
    </test> <!-- MemberLookup_Claim_Verify_DrugUtilizationReiewResponseDetailsFeature -->
    <test name="MemberLookup_Claim_Verify_PricingFeature" duration-ms="129828" started-at="2019-06-24T13:44:35Z" finished-at="2019-06-24T13:46:45Z">
      <class name="DSTPS.Automation.HybridDesktop.MemberLookupAutomation.runners.VerifyMemberLookUpClaimPricing_TestRunner">
        <test-method status="PASS" signature="setUpClass()[pri:0, instance:DSTPS.Automation.HybridDesktop.MemberLookupAutomation.runners.VerifyMemberLookUpClaimPricing_TestRunner@2a556333]" name="setUpClass" is-config="true" duration-ms="80" started-at="2019-06-24T19:14:35Z" finished-at="2019-06-24T19:14:35Z">
          <reporter-output>
          </reporter-output>
        </test-method> <!-- setUpClass -->
        <test-method status="PASS" signature="feature(cucumber.api.testng.CucumberFeatureWrapper)[pri:0, instance:DSTPS.Automation.HybridDesktop.MemberLookupAutomation.runners.VerifyMemberLookUpClaimPricing_TestRunner@2a556333]" name="feature" duration-ms="129577" started-at="2019-06-24T19:14:35Z" description="Runs Cucumber Feature" data-provider="features" finished-at="2019-06-24T19:16:44Z">
          <params>
            <param index="0">
              <value>
                <![CDATA[MemberLookup search verify Pricing]]>
              </value>
            </param>
          </params>
          <reporter-output>
          </reporter-output>
        </test-method> <!-- feature -->
        <test-method status="PASS" signature="tearDownClass()[pri:0, instance:DSTPS.Automation.HybridDesktop.MemberLookupAutomation.runners.VerifyMemberLookUpClaimPricing_TestRunner@2a556333]" name="tearDownClass" is-config="true" duration-ms="150" started-at="2019-06-24T19:16:44Z" finished-at="2019-06-24T19:16:45Z">
          <reporter-output>
          </reporter-output>
        </test-method> <!-- tearDownClass -->
      </class> <!-- DSTPS.Automation.HybridDesktop.MemberLookupAutomation.runners.VerifyMemberLookUpClaimPricing_TestRunner -->
    </test> <!-- MemberLookup_Claim_Verify_PricingFeature -->
    <test name="MemberLookup_Claim_Verify_BenefitsFeature" duration-ms="124690" started-at="2019-06-24T13:46:45Z" finished-at="2019-06-24T13:48:49Z">
      <class name="DSTPS.Automation.HybridDesktop.MemberLookupAutomation.runners.VerifyMemberLookUpClaimBenefits_TestRunner">
        <test-method status="PASS" signature="setUpClass()[pri:0, instance:DSTPS.Automation.HybridDesktop.MemberLookupAutomation.runners.VerifyMemberLookUpClaimBenefits_TestRunner@2173f6d9]" name="setUpClass" is-config="true" duration-ms="81" started-at="2019-06-24T19:16:45Z" finished-at="2019-06-24T19:16:45Z">
          <reporter-output>
          </reporter-output>
        </test-method> <!-- setUpClass -->
        <test-method status="PASS" signature="feature(cucumber.api.testng.CucumberFeatureWrapper)[pri:0, instance:DSTPS.Automation.HybridDesktop.MemberLookupAutomation.runners.VerifyMemberLookUpClaimBenefits_TestRunner@2173f6d9]" name="feature" duration-ms="124426" started-at="2019-06-24T19:16:45Z" description="Runs Cucumber Feature" data-provider="features" finished-at="2019-06-24T19:18:49Z">
          <params>
            <param index="0">
              <value>
                <![CDATA[MemberLookup search verify Benefits]]>
              </value>
            </param>
          </params>
          <reporter-output>
          </reporter-output>
        </test-method> <!-- feature -->
        <test-method status="PASS" signature="tearDownClass()[pri:0, instance:DSTPS.Automation.HybridDesktop.MemberLookupAutomation.runners.VerifyMemberLookUpClaimBenefits_TestRunner@2173f6d9]" name="tearDownClass" is-config="true" duration-ms="151" started-at="2019-06-24T19:18:49Z" finished-at="2019-06-24T19:18:49Z">
          <reporter-output>
          </reporter-output>
        </test-method> <!-- tearDownClass -->
      </class> <!-- DSTPS.Automation.HybridDesktop.MemberLookupAutomation.runners.VerifyMemberLookUpClaimBenefits_TestRunner -->
    </test> <!-- MemberLookup_Claim_Verify_BenefitsFeature -->
    <test name="MemberLookup_Claim_Verify_DrugInformationFeature" duration-ms="122641" started-at="2019-06-24T13:48:49Z" finished-at="2019-06-24T13:50:52Z">
      <class name="DSTPS.Automation.HybridDesktop.MemberLookupAutomation.runners.VerifyMemberLookUpClaimDrugInformation_TestRunner">
        <test-method status="PASS" signature="setUpClass()[pri:0, instance:DSTPS.Automation.HybridDesktop.MemberLookupAutomation.runners.VerifyMemberLookUpClaimDrugInformation_TestRunner@c46bcd4]" name="setUpClass" is-config="true" duration-ms="93" started-at="2019-06-24T19:18:49Z" finished-at="2019-06-24T19:18:49Z">
          <reporter-output>
          </reporter-output>
        </test-method> <!-- setUpClass -->
        <test-method status="PASS" signature="feature(cucumber.api.testng.CucumberFeatureWrapper)[pri:0, instance:DSTPS.Automation.HybridDesktop.MemberLookupAutomation.runners.VerifyMemberLookUpClaimDrugInformation_TestRunner@c46bcd4]" name="feature" duration-ms="122326" started-at="2019-06-24T19:18:49Z" description="Runs Cucumber Feature" data-provider="features" finished-at="2019-06-24T19:20:52Z">
          <params>
            <param index="0">
              <value>
                <![CDATA[MemberLookup search verify Drug Information]]>
              </value>
            </param>
          </params>
          <reporter-output>
          </reporter-output>
        </test-method> <!-- feature -->
        <test-method status="PASS" signature="tearDownClass()[pri:0, instance:DSTPS.Automation.HybridDesktop.MemberLookupAutomation.runners.VerifyMemberLookUpClaimDrugInformation_TestRunner@c46bcd4]" name="tearDownClass" is-config="true" duration-ms="185" started-at="2019-06-24T19:20:52Z" finished-at="2019-06-24T19:20:52Z">
          <reporter-output>
          </reporter-output>
        </test-method> <!-- tearDownClass -->
      </class> <!-- DSTPS.Automation.HybridDesktop.MemberLookupAutomation.runners.VerifyMemberLookUpClaimDrugInformation_TestRunner -->
    </test> <!-- MemberLookup_Claim_Verify_DrugInformationFeature -->
    <test name="MemberLookup_Claim_Verify_AdditionalInformationFeature" duration-ms="118856" started-at="2019-06-24T13:50:52Z" finished-at="2019-06-24T13:52:51Z">
      <class name="DSTPS.Automation.HybridDesktop.MemberLookupAutomation.runners.VerifyMemberLookUpClaimAdditionalInformation_TestRunner">
        <test-method status="PASS" signature="setUpClass()[pri:0, instance:DSTPS.Automation.HybridDesktop.MemberLookupAutomation.runners.VerifyMemberLookUpClaimAdditionalInformation_TestRunner@436e852b]" name="setUpClass" is-config="true" duration-ms="76" started-at="2019-06-24T19:20:52Z" finished-at="2019-06-24T19:20:52Z">
          <reporter-output>
          </reporter-output>
        </test-method> <!-- setUpClass -->
        <test-method status="PASS" signature="feature(cucumber.api.testng.CucumberFeatureWrapper)[pri:0, instance:DSTPS.Automation.HybridDesktop.MemberLookupAutomation.runners.VerifyMemberLookUpClaimAdditionalInformation_TestRunner@436e852b]" name="feature" duration-ms="118597" started-at="2019-06-24T19:20:52Z" description="Runs Cucumber Feature" data-provider="features" finished-at="2019-06-24T19:22:51Z">
          <params>
            <param index="0">
              <value>
                <![CDATA[MemberLookup search verify Additional Information]]>
              </value>
            </param>
          </params>
          <reporter-output>
          </reporter-output>
        </test-method> <!-- feature -->
        <test-method status="PASS" signature="tearDownClass()[pri:0, instance:DSTPS.Automation.HybridDesktop.MemberLookupAutomation.runners.VerifyMemberLookUpClaimAdditionalInformation_TestRunner@436e852b]" name="tearDownClass" is-config="true" duration-ms="172" started-at="2019-06-24T19:22:51Z" finished-at="2019-06-24T19:22:51Z">
          <reporter-output>
          </reporter-output>
        </test-method> <!-- tearDownClass -->
      </class> <!-- DSTPS.Automation.HybridDesktop.MemberLookupAutomation.runners.VerifyMemberLookUpClaimAdditionalInformation_TestRunner -->
    </test> <!-- MemberLookup_Claim_Verify_AdditionalInformationFeature -->
    <test name="MemberLookup_Claim_Verify_ClaimRawDataFeature" duration-ms="116169" started-at="2019-06-24T13:52:51Z" finished-at="2019-06-24T13:54:47Z">
      <class name="DSTPS.Automation.HybridDesktop.MemberLookupAutomation.runners.VerifyMemberLookUpClaimClaimRawData_TestRunner">
        <test-method status="PASS" signature="setUpClass()[pri:0, instance:DSTPS.Automation.HybridDesktop.MemberLookupAutomation.runners.VerifyMemberLookUpClaimClaimRawData_TestRunner@6b57696f]" name="setUpClass" is-config="true" duration-ms="82" started-at="2019-06-24T19:22:51Z" finished-at="2019-06-24T19:22:51Z">
          <reporter-output>
          </reporter-output>
        </test-method> <!-- setUpClass -->
        <test-method status="PASS" signature="feature(cucumber.api.testng.CucumberFeatureWrapper)[pri:0, instance:DSTPS.Automation.HybridDesktop.MemberLookupAutomation.runners.VerifyMemberLookUpClaimClaimRawData_TestRunner@6b57696f]" name="feature" duration-ms="115926" started-at="2019-06-24T19:22:51Z" description="Runs Cucumber Feature" data-provider="features" finished-at="2019-06-24T19:24:47Z">
          <params>
            <param index="0">
              <value>
                <![CDATA[MemberLookup search verify Claim Raw Data]]>
              </value>
            </param>
          </params>
          <reporter-output>
          </reporter-output>
        </test-method> <!-- feature -->
        <test-method status="PASS" signature="tearDownClass()[pri:0, instance:DSTPS.Automation.HybridDesktop.MemberLookupAutomation.runners.VerifyMemberLookUpClaimClaimRawData_TestRunner@6b57696f]" name="tearDownClass" is-config="true" duration-ms="152" started-at="2019-06-24T19:24:47Z" finished-at="2019-06-24T19:24:47Z">
          <reporter-output>
          </reporter-output>
        </test-method> <!-- tearDownClass -->
      </class> <!-- DSTPS.Automation.HybridDesktop.MemberLookupAutomation.runners.VerifyMemberLookUpClaimClaimRawData_TestRunner -->
    </test> <!-- MemberLookup_Claim_Verify_ClaimRawDataFeature -->
    <test name="MemberLookup_Claim_Verify_MedicarePartDFeature" duration-ms="124669" started-at="2019-06-24T13:54:47Z" finished-at="2019-06-24T13:56:52Z">
      <class name="DSTPS.Automation.HybridDesktop.MemberLookupAutomation.runners.VerifyMemberLookUpClaimMedicarePartD_TestRunner">
        <test-method status="PASS" signature="setUpClass()[pri:0, instance:DSTPS.Automation.HybridDesktop.MemberLookupAutomation.runners.VerifyMemberLookUpClaimMedicarePartD_TestRunner@4abdb505]" name="setUpClass" is-config="true" duration-ms="80" started-at="2019-06-24T19:24:47Z" finished-at="2019-06-24T19:24:47Z">
          <reporter-output>
          </reporter-output>
        </test-method> <!-- setUpClass -->
        <test-method status="PASS" signature="feature(cucumber.api.testng.CucumberFeatureWrapper)[pri:0, instance:DSTPS.Automation.HybridDesktop.MemberLookupAutomation.runners.VerifyMemberLookUpClaimMedicarePartD_TestRunner@4abdb505]" name="feature" duration-ms="124427" started-at="2019-06-24T19:24:47Z" description="Runs Cucumber Feature" data-provider="features" finished-at="2019-06-24T19:26:52Z">
          <params>
            <param index="0">
              <value>
                <![CDATA[MemberLookup search verify Medicare Part D]]>
              </value>
            </param>
          </params>
          <reporter-output>
          </reporter-output>
        </test-method> <!-- feature -->
        <test-method status="PASS" signature="tearDownClass()[pri:0, instance:DSTPS.Automation.HybridDesktop.MemberLookupAutomation.runners.VerifyMemberLookUpClaimMedicarePartD_TestRunner@4abdb505]" name="tearDownClass" is-config="true" duration-ms="145" started-at="2019-06-24T19:26:52Z" finished-at="2019-06-24T19:26:52Z">
          <reporter-output>
          </reporter-output>
        </test-method> <!-- tearDownClass -->
      </class> <!-- DSTPS.Automation.HybridDesktop.MemberLookupAutomation.runners.VerifyMemberLookUpClaimMedicarePartD_TestRunner -->
    </test> <!-- MemberLookup_Claim_Verify_MedicarePartDFeature -->
    <test name="MemberLookup_Claim_Verify_CompoundFeature" duration-ms="115820" started-at="2019-06-24T13:56:52Z" finished-at="2019-06-24T13:58:48Z">
      <class name="DSTPS.Automation.HybridDesktop.MemberLookupAutomation.runners.VerifyMemberLookUpClaimCompound_TestRunner">
        <test-method status="PASS" signature="setUpClass()[pri:0, instance:DSTPS.Automation.HybridDesktop.MemberLookupAutomation.runners.VerifyMemberLookUpClaimCompound_TestRunner@42d8062c]" name="setUpClass" is-config="true" duration-ms="78" started-at="2019-06-24T19:26:52Z" finished-at="2019-06-24T19:26:52Z">
          <reporter-output>
          </reporter-output>
        </test-method> <!-- setUpClass -->
        <test-method status="PASS" signature="feature(cucumber.api.testng.CucumberFeatureWrapper)[pri:0, instance:DSTPS.Automation.HybridDesktop.MemberLookupAutomation.runners.VerifyMemberLookUpClaimCompound_TestRunner@42d8062c]" name="feature" duration-ms="115455" started-at="2019-06-24T19:26:52Z" description="Runs Cucumber Feature" data-provider="features" finished-at="2019-06-24T19:28:47Z">
          <params>
            <param index="0">
              <value>
                <![CDATA[MemberLookup search verify Compound]]>
              </value>
            </param>
          </params>
          <reporter-output>
          </reporter-output>
        </test-method> <!-- feature -->
        <test-method status="PASS" signature="tearDownClass()[pri:0, instance:DSTPS.Automation.HybridDesktop.MemberLookupAutomation.runners.VerifyMemberLookUpClaimCompound_TestRunner@42d8062c]" name="tearDownClass" is-config="true" duration-ms="279" started-at="2019-06-24T19:28:47Z" finished-at="2019-06-24T19:28:48Z">
          <reporter-output>
          </reporter-output>
        </test-method> <!-- tearDownClass -->
      </class> <!-- DSTPS.Automation.HybridDesktop.MemberLookupAutomation.runners.VerifyMemberLookUpClaimCompound_TestRunner -->
    </test> <!-- MemberLookup_Claim_Verify_CompoundFeature -->
    <test name="MemberLookup_Claim_Verify_CallNotesFeature" duration-ms="125183" started-at="2019-06-24T13:58:48Z" finished-at="2019-06-24T14:00:53Z">
      <class name="DSTPS.Automation.HybridDesktop.MemberLookupAutomation.runners.VerifyMemberLookUpClaimCallNotes_TestRunner">
        <test-method status="PASS" signature="setUpClass()[pri:0, instance:DSTPS.Automation.HybridDesktop.MemberLookupAutomation.runners.VerifyMemberLookUpClaimCallNotes_TestRunner@5f3a4b84]" name="setUpClass" is-config="true" duration-ms="94" started-at="2019-06-24T19:28:48Z" finished-at="2019-06-24T19:28:48Z">
          <reporter-output>
          </reporter-output>
        </test-method> <!-- setUpClass -->
        <test-method status="PASS" signature="feature(cucumber.api.testng.CucumberFeatureWrapper)[pri:0, instance:DSTPS.Automation.HybridDesktop.MemberLookupAutomation.runners.VerifyMemberLookUpClaimCallNotes_TestRunner@5f3a4b84]" name="feature" duration-ms="124928" started-at="2019-06-24T19:28:48Z" description="Runs Cucumber Feature" data-provider="features" finished-at="2019-06-24T19:30:53Z">
          <params>
            <param index="0">
              <value>
                <![CDATA[MemberLookup Search verify Claim Call Notes]]>
              </value>
            </param>
          </params>
          <reporter-output>
          </reporter-output>
        </test-method> <!-- feature -->
        <test-method status="PASS" signature="tearDownClass()[pri:0, instance:DSTPS.Automation.HybridDesktop.MemberLookupAutomation.runners.VerifyMemberLookUpClaimCallNotes_TestRunner@5f3a4b84]" name="tearDownClass" is-config="true" duration-ms="146" started-at="2019-06-24T19:30:53Z" finished-at="2019-06-24T19:30:53Z">
          <reporter-output>
          </reporter-output>
        </test-method> <!-- tearDownClass -->
      </class> <!-- DSTPS.Automation.HybridDesktop.MemberLookupAutomation.runners.VerifyMemberLookUpClaimCallNotes_TestRunner -->
    </test> <!-- MemberLookup_Claim_Verify_CallNotesFeature -->
    <test name="MemberLookup_Formulary_Verify_CallNotesFeature" duration-ms="115797" started-at="2019-06-24T14:00:53Z" finished-at="2019-06-24T14:02:49Z">
      <class name="DSTPS.Automation.HybridDesktop.MemberLookupAutomation.runners.VerifyMemberLookUpFormularyCallNotes_TestRunner">
        <test-method status="PASS" signature="setUpClass()[pri:0, instance:DSTPS.Automation.HybridDesktop.MemberLookupAutomation.runners.VerifyMemberLookUpFormularyCallNotes_TestRunner@13c27452]" name="setUpClass" is-config="true" duration-ms="88" started-at="2019-06-24T19:30:53Z" finished-at="2019-06-24T19:30:53Z">
          <reporter-output>
          </reporter-output>
        </test-method> <!-- setUpClass -->
        <test-method status="PASS" signature="feature(cucumber.api.testng.CucumberFeatureWrapper)[pri:0, instance:DSTPS.Automation.HybridDesktop.MemberLookupAutomation.runners.VerifyMemberLookUpFormularyCallNotes_TestRunner@13c27452]" name="feature" duration-ms="115548" started-at="2019-06-24T19:30:53Z" description="Runs Cucumber Feature" data-provider="features" finished-at="2019-06-24T19:32:48Z">
          <params>
            <param index="0">
              <value>
                <![CDATA[MemberLookup Search and verify Formulary Call Notes]]>
              </value>
            </param>
          </params>
          <reporter-output>
          </reporter-output>
        </test-method> <!-- feature -->
        <test-method status="PASS" signature="tearDownClass()[pri:0, instance:DSTPS.Automation.HybridDesktop.MemberLookupAutomation.runners.VerifyMemberLookUpFormularyCallNotes_TestRunner@13c27452]" name="tearDownClass" is-config="true" duration-ms="147" started-at="2019-06-24T19:32:48Z" finished-at="2019-06-24T19:32:49Z">
          <reporter-output>
          </reporter-output>
        </test-method> <!-- tearDownClass -->
      </class> <!-- DSTPS.Automation.HybridDesktop.MemberLookupAutomation.runners.VerifyMemberLookUpFormularyCallNotes_TestRunner -->
    </test> <!-- MemberLookup_Formulary_Verify_CallNotesFeature -->
    <test name="MemberLookup_Formulary_Verify_DrugResultsFeature" duration-ms="121032" started-at="2019-06-24T14:02:49Z" finished-at="2019-06-24T14:04:50Z">
      <class name="DSTPS.Automation.HybridDesktop.MemberLookupAutomation.runners.VerifyMemberLookUpFormularyDrugResults_TestRunner">
        <test-method status="PASS" signature="setUpClass()[pri:0, instance:DSTPS.Automation.HybridDesktop.MemberLookupAutomation.runners.VerifyMemberLookUpFormularyDrugResults_TestRunner@1a3869f4]" name="setUpClass" is-config="true" duration-ms="96" started-at="2019-06-24T19:32:49Z" finished-at="2019-06-24T19:32:49Z">
          <reporter-output>
          </reporter-output>
        </test-method> <!-- setUpClass -->
        <test-method status="PASS" signature="feature(cucumber.api.testng.CucumberFeatureWrapper)[pri:0, instance:DSTPS.Automation.HybridDesktop.MemberLookupAutomation.runners.VerifyMemberLookUpFormularyDrugResults_TestRunner@1a3869f4]" name="feature" duration-ms="120745" started-at="2019-06-24T19:32:49Z" description="Runs Cucumber Feature" data-provider="features" finished-at="2019-06-24T19:34:49Z">
          <params>
            <param index="0">
              <value>
                <![CDATA[MemberLookup Search and verify Formulary Drug Results]]>
              </value>
            </param>
          </params>
          <reporter-output>
          </reporter-output>
        </test-method> <!-- feature -->
        <test-method status="PASS" signature="tearDownClass()[pri:0, instance:DSTPS.Automation.HybridDesktop.MemberLookupAutomation.runners.VerifyMemberLookUpFormularyDrugResults_TestRunner@1a3869f4]" name="tearDownClass" is-config="true" duration-ms="181" started-at="2019-06-24T19:34:49Z" finished-at="2019-06-24T19:34:50Z">
          <reporter-output>
          </reporter-output>
        </test-method> <!-- tearDownClass -->
      </class> <!-- DSTPS.Automation.HybridDesktop.MemberLookupAutomation.runners.VerifyMemberLookUpFormularyDrugResults_TestRunner -->
    </test> <!-- MemberLookup_Formulary_Verify_DrugResultsFeature -->
    <test name="MemberLookup_Formulary_Verify_GeneralInformationFeature" duration-ms="123565" started-at="2019-06-24T14:04:50Z" finished-at="2019-06-24T14:06:53Z">
      <class name="DSTPS.Automation.HybridDesktop.MemberLookupAutomation.runners.VerifyMemberLookUpFormularyGeneralInformation_TestRunner">
        <test-method status="PASS" signature="setUpClass()[pri:0, instance:DSTPS.Automation.HybridDesktop.MemberLookupAutomation.runners.VerifyMemberLookUpFormularyGeneralInformation_TestRunner@6121c9d6]" name="setUpClass" is-config="true" duration-ms="76" started-at="2019-06-24T19:34:50Z" finished-at="2019-06-24T19:34:50Z">
          <reporter-output>
          </reporter-output>
        </test-method> <!-- setUpClass -->
        <test-method status="PASS" signature="feature(cucumber.api.testng.CucumberFeatureWrapper)[pri:0, instance:DSTPS.Automation.HybridDesktop.MemberLookupAutomation.runners.VerifyMemberLookUpFormularyGeneralInformation_TestRunner@6121c9d6]" name="feature" duration-ms="123326" started-at="2019-06-24T19:34:50Z" description="Runs Cucumber Feature" data-provider="features" finished-at="2019-06-24T19:36:53Z">
          <params>
            <param index="0">
              <value>
                <![CDATA[MemberLookup Search and verify Formulary General Information]]>
              </value>
            </param>
          </params>
          <reporter-output>
          </reporter-output>
        </test-method> <!-- feature -->
        <test-method status="PASS" signature="tearDownClass()[pri:0, instance:DSTPS.Automation.HybridDesktop.MemberLookupAutomation.runners.VerifyMemberLookUpFormularyGeneralInformation_TestRunner@6121c9d6]" name="tearDownClass" is-config="true" duration-ms="153" started-at="2019-06-24T19:36:53Z" finished-at="2019-06-24T19:36:53Z">
          <reporter-output>
          </reporter-output>
        </test-method> <!-- tearDownClass -->
      </class> <!-- DSTPS.Automation.HybridDesktop.MemberLookupAutomation.runners.VerifyMemberLookUpFormularyGeneralInformation_TestRunner -->
    </test> <!-- MemberLookup_Formulary_Verify_GeneralInformationFeature -->
    <test name="MemberLookup_Formulary_Verify_MinMaxDoseFeature" duration-ms="107637" started-at="2019-06-24T14:06:53Z" finished-at="2019-06-24T14:08:41Z">
      <class name="DSTPS.Automation.HybridDesktop.MemberLookupAutomation.runners.VerifyMemberLookUpFormularyMinMaxDose_TestRunner">
        <test-method status="PASS" signature="setUpClass()[pri:0, instance:DSTPS.Automation.HybridDesktop.MemberLookupAutomation.runners.VerifyMemberLookUpFormularyMinMaxDose_TestRunner@e720b71]" name="setUpClass" is-config="true" duration-ms="78" started-at="2019-06-24T19:36:53Z" finished-at="2019-06-24T19:36:53Z">
          <reporter-output>
          </reporter-output>
        </test-method> <!-- setUpClass -->
        <test-method status="PASS" signature="feature(cucumber.api.testng.CucumberFeatureWrapper)[pri:0, instance:DSTPS.Automation.HybridDesktop.MemberLookupAutomation.runners.VerifyMemberLookUpFormularyMinMaxDose_TestRunner@e720b71]" name="feature" duration-ms="107368" started-at="2019-06-24T19:36:53Z" description="Runs Cucumber Feature" data-provider="features" finished-at="2019-06-24T19:38:41Z">
          <params>
            <param index="0">
              <value>
                <![CDATA[MemberLookup Search and verify Formulary Min Max Dose]]>
              </value>
            </param>
          </params>
          <reporter-output>
          </reporter-output>
        </test-method> <!-- feature -->
        <test-method status="PASS" signature="tearDownClass()[pri:0, instance:DSTPS.Automation.HybridDesktop.MemberLookupAutomation.runners.VerifyMemberLookUpFormularyMinMaxDose_TestRunner@e720b71]" name="tearDownClass" is-config="true" duration-ms="171" started-at="2019-06-24T19:38:41Z" finished-at="2019-06-24T19:38:41Z">
          <reporter-output>
          </reporter-output>
        </test-method> <!-- tearDownClass -->
      </class> <!-- DSTPS.Automation.HybridDesktop.MemberLookupAutomation.runners.VerifyMemberLookUpFormularyMinMaxDose_TestRunner -->
    </test> <!-- MemberLookup_Formulary_Verify_MinMaxDoseFeature -->
    <test name="MemberLookup_Authorization_Verify_CallNotesFeature" duration-ms="112896" started-at="2019-06-24T14:08:41Z" finished-at="2019-06-24T14:10:34Z">
      <class name="DSTPS.Automation.HybridDesktop.MemberLookupAutomation.runners.VerifyMemberLookUpAuthorizationCallNotes_TestRunner">
        <test-method status="PASS" signature="setUpClass()[pri:0, instance:DSTPS.Automation.HybridDesktop.MemberLookupAutomation.runners.VerifyMemberLookUpAuthorizationCallNotes_TestRunner@4a87761d]" name="setUpClass" is-config="true" duration-ms="75" started-at="2019-06-24T19:38:41Z" finished-at="2019-06-24T19:38:41Z">
          <reporter-output>
          </reporter-output>
        </test-method> <!-- setUpClass -->
        <test-method status="PASS" signature="feature(cucumber.api.testng.CucumberFeatureWrapper)[pri:0, instance:DSTPS.Automation.HybridDesktop.MemberLookupAutomation.runners.VerifyMemberLookUpAuthorizationCallNotes_TestRunner@4a87761d]" name="feature" duration-ms="112649" started-at="2019-06-24T19:38:41Z" description="Runs Cucumber Feature" data-provider="features" finished-at="2019-06-24T19:40:34Z">
          <params>
            <param index="0">
              <value>
                <![CDATA[Member Lookup Search and verify Authorization Call Notes]]>
              </value>
            </param>
          </params>
          <reporter-output>
          </reporter-output>
        </test-method> <!-- feature -->
        <test-method status="PASS" signature="tearDownClass()[pri:0, instance:DSTPS.Automation.HybridDesktop.MemberLookupAutomation.runners.VerifyMemberLookUpAuthorizationCallNotes_TestRunner@4a87761d]" name="tearDownClass" is-config="true" duration-ms="160" started-at="2019-06-24T19:40:34Z" finished-at="2019-06-24T19:40:34Z">
          <reporter-output>
          </reporter-output>
        </test-method> <!-- tearDownClass -->
      </class> <!-- DSTPS.Automation.HybridDesktop.MemberLookupAutomation.runners.VerifyMemberLookUpAuthorizationCallNotes_TestRunner -->
    </test> <!-- MemberLookup_Authorization_Verify_CallNotesFeature -->
    <test name="MemberLookup_Authorization_Verify_AuthResultsFeature" duration-ms="101294" started-at="2019-06-24T14:10:34Z" finished-at="2019-06-24T14:12:15Z">
      <class name="DSTPS.Automation.HybridDesktop.MemberLookupAutomation.runners.VerifyMemberLookUpAuthResults_TestRunner">
        <test-method status="PASS" signature="setUpClass()[pri:0, instance:DSTPS.Automation.HybridDesktop.MemberLookupAutomation.runners.VerifyMemberLookUpAuthResults_TestRunner@42eca56e]" name="setUpClass" is-config="true" duration-ms="70" started-at="2019-06-24T19:40:34Z" finished-at="2019-06-24T19:40:34Z">
          <reporter-output>
          </reporter-output>
        </test-method> <!-- setUpClass -->
        <test-method status="PASS" signature="feature(cucumber.api.testng.CucumberFeatureWrapper)[pri:0, instance:DSTPS.Automation.HybridDesktop.MemberLookupAutomation.runners.VerifyMemberLookUpAuthResults_TestRunner@42eca56e]" name="feature" duration-ms="101049" started-at="2019-06-24T19:40:34Z" description="Runs Cucumber Feature" data-provider="features" finished-at="2019-06-24T19:42:15Z">
          <params>
            <param index="0">
              <value>
                <![CDATA[Member Lookup Search and verify Authorization Auth Results]]>
              </value>
            </param>
          </params>
          <reporter-output>
          </reporter-output>
        </test-method> <!-- feature -->
        <test-method status="PASS" signature="tearDownClass()[pri:0, instance:DSTPS.Automation.HybridDesktop.MemberLookupAutomation.runners.VerifyMemberLookUpAuthResults_TestRunner@42eca56e]" name="tearDownClass" is-config="true" duration-ms="150" started-at="2019-06-24T19:42:15Z" finished-at="2019-06-24T19:42:15Z">
          <reporter-output>
          </reporter-output>
        </test-method> <!-- tearDownClass -->
      </class> <!-- DSTPS.Automation.HybridDesktop.MemberLookupAutomation.runners.VerifyMemberLookUpAuthResults_TestRunner -->
    </test> <!-- MemberLookup_Authorization_Verify_AuthResultsFeature -->
    <test name="MemberLookup_Authorization_Verify_GeneralInformationFeature" duration-ms="109764" started-at="2019-06-24T14:12:15Z" finished-at="2019-06-24T14:14:05Z">
      <class name="DSTPS.Automation.HybridDesktop.MemberLookupAutomation.runners.VerifyMemberLookUpAuthorizationGeneralInformation_TestRunner">
        <test-method status="PASS" signature="setUpClass()[pri:0, instance:DSTPS.Automation.HybridDesktop.MemberLookupAutomation.runners.VerifyMemberLookUpAuthorizationGeneralInformation_TestRunner@64f6106c]" name="setUpClass" is-config="true" duration-ms="80" started-at="2019-06-24T19:42:15Z" finished-at="2019-06-24T19:42:15Z">
          <reporter-output>
          </reporter-output>
        </test-method> <!-- setUpClass -->
        <test-method status="PASS" signature="feature(cucumber.api.testng.CucumberFeatureWrapper)[pri:0, instance:DSTPS.Automation.HybridDesktop.MemberLookupAutomation.runners.VerifyMemberLookUpAuthorizationGeneralInformation_TestRunner@64f6106c]" name="feature" duration-ms="109519" started-at="2019-06-24T19:42:15Z" description="Runs Cucumber Feature" data-provider="features" finished-at="2019-06-24T19:44:05Z">
          <params>
            <param index="0">
              <value>
                <![CDATA[Member Lookup Search and verify Authorization General Information]]>
              </value>
            </param>
          </params>
          <reporter-output>
          </reporter-output>
        </test-method> <!-- feature -->
        <test-method status="PASS" signature="tearDownClass()[pri:0, instance:DSTPS.Automation.HybridDesktop.MemberLookupAutomation.runners.VerifyMemberLookUpAuthorizationGeneralInformation_TestRunner@64f6106c]" name="tearDownClass" is-config="true" duration-ms="154" started-at="2019-06-24T19:44:05Z" finished-at="2019-06-24T19:44:05Z">
          <reporter-output>
          </reporter-output>
        </test-method> <!-- tearDownClass -->
      </class> <!-- DSTPS.Automation.HybridDesktop.MemberLookupAutomation.runners.VerifyMemberLookUpAuthorizationGeneralInformation_TestRunner -->
    </test> <!-- MemberLookup_Authorization_Verify_GeneralInformationFeature -->
    <test name="MemberLookup_Authorization_Verify_NotesAndHistoryFeature" duration-ms="106907" started-at="2019-06-24T14:14:05Z" finished-at="2019-06-24T14:15:52Z">
      <class name="DSTPS.Automation.HybridDesktop.MemberLookupAutomation.runners.VerifyMemberLookUpAuthorizationNotesAndHistory_TestRunner">
        <test-method status="PASS" signature="setUpClass()[pri:0, instance:DSTPS.Automation.HybridDesktop.MemberLookupAutomation.runners.VerifyMemberLookUpAuthorizationNotesAndHistory_TestRunner@28ac3dc3]" name="setUpClass" is-config="true" duration-ms="75" started-at="2019-06-24T19:44:05Z" finished-at="2019-06-24T19:44:05Z">
          <reporter-output>
          </reporter-output>
        </test-method> <!-- setUpClass -->
        <test-method status="PASS" signature="feature(cucumber.api.testng.CucumberFeatureWrapper)[pri:0, instance:DSTPS.Automation.HybridDesktop.MemberLookupAutomation.runners.VerifyMemberLookUpAuthorizationNotesAndHistory_TestRunner@28ac3dc3]" name="feature" duration-ms="106669" started-at="2019-06-24T19:44:05Z" description="Runs Cucumber Feature" data-provider="features" finished-at="2019-06-24T19:45:52Z">
          <params>
            <param index="0">
              <value>
                <![CDATA[Member Lookup Search and verify Authorization Notes & History]]>
              </value>
            </param>
          </params>
          <reporter-output>
          </reporter-output>
        </test-method> <!-- feature -->
        <test-method status="PASS" signature="tearDownClass()[pri:0, instance:DSTPS.Automation.HybridDesktop.MemberLookupAutomation.runners.VerifyMemberLookUpAuthorizationNotesAndHistory_TestRunner@28ac3dc3]" name="tearDownClass" is-config="true" duration-ms="149" started-at="2019-06-24T19:45:52Z" finished-at="2019-06-24T19:45:52Z">
          <reporter-output>
          </reporter-output>
        </test-method> <!-- tearDownClass -->
      </class> <!-- DSTPS.Automation.HybridDesktop.MemberLookupAutomation.runners.VerifyMemberLookUpAuthorizationNotesAndHistory_TestRunner -->
    </test> <!-- MemberLookup_Authorization_Verify_NotesAndHistoryFeature -->
    <test name="MemberLookup_Reimbursement_Verify_CallNotesFeature" duration-ms="115786" started-at="2019-06-24T14:15:52Z" finished-at="2019-06-24T14:17:48Z">
      <class name="DSTPS.Automation.HybridDesktop.MemberLookupAutomation.runners.VerifyMemberLookUpReimbursementCallNotes_TestRunner">
        <test-method status="PASS" signature="setUpClass()[pri:0, instance:DSTPS.Automation.HybridDesktop.MemberLookupAutomation.runners.VerifyMemberLookUpReimbursementCallNotes_TestRunner@43738a82]" name="setUpClass" is-config="true" duration-ms="74" started-at="2019-06-24T19:45:52Z" finished-at="2019-06-24T19:45:52Z">
          <reporter-output>
          </reporter-output>
        </test-method> <!-- setUpClass -->
        <test-method status="PASS" signature="feature(cucumber.api.testng.CucumberFeatureWrapper)[pri:0, instance:DSTPS.Automation.HybridDesktop.MemberLookupAutomation.runners.VerifyMemberLookUpReimbursementCallNotes_TestRunner@43738a82]" name="feature" duration-ms="115552" started-at="2019-06-24T19:45:52Z" description="Runs Cucumber Feature" data-provider="features" finished-at="2019-06-24T19:47:48Z">
          <params>
            <param index="0">
              <value>
                <![CDATA[MemberLookup Search and verify Reimbursement Call Notes]]>
              </value>
            </param>
          </params>
          <reporter-output>
          </reporter-output>
        </test-method> <!-- feature -->
        <test-method status="PASS" signature="tearDownClass()[pri:0, instance:DSTPS.Automation.HybridDesktop.MemberLookupAutomation.runners.VerifyMemberLookUpReimbursementCallNotes_TestRunner@43738a82]" name="tearDownClass" is-config="true" duration-ms="150" started-at="2019-06-24T19:47:48Z" finished-at="2019-06-24T19:47:48Z">
          <reporter-output>
          </reporter-output>
        </test-method> <!-- tearDownClass -->
      </class> <!-- DSTPS.Automation.HybridDesktop.MemberLookupAutomation.runners.VerifyMemberLookUpReimbursementCallNotes_TestRunner -->
    </test> <!-- MemberLookup_Reimbursement_Verify_CallNotesFeature -->
    <test name="MemberLookup_Reimbursement_Verify_ReimbursementResultsFeature" duration-ms="112000" started-at="2019-06-24T14:17:48Z" finished-at="2019-06-24T14:19:40Z">
      <class name="DSTPS.Automation.HybridDesktop.MemberLookupAutomation.runners.VerifyMemberLookUpReimbursementResults_TestRunner">
        <test-method status="PASS" signature="setUpClass()[pri:0, instance:DSTPS.Automation.HybridDesktop.MemberLookupAutomation.runners.VerifyMemberLookUpReimbursementResults_TestRunner@3891771e]" name="setUpClass" is-config="true" duration-ms="82" started-at="2019-06-24T19:47:48Z" finished-at="2019-06-24T19:47:48Z">
          <reporter-output>
          </reporter-output>
        </test-method> <!-- setUpClass -->
        <test-method status="PASS" signature="feature(cucumber.api.testng.CucumberFeatureWrapper)[pri:0, instance:DSTPS.Automation.HybridDesktop.MemberLookupAutomation.runners.VerifyMemberLookUpReimbursementResults_TestRunner@3891771e]" name="feature" duration-ms="111745" started-at="2019-06-24T19:47:48Z" description="Runs Cucumber Feature" data-provider="features" finished-at="2019-06-24T19:49:40Z">
          <params>
            <param index="0">
              <value>
                <![CDATA[MemberLookup Search and verify Reimbursement Reimbursement Results]]>
              </value>
            </param>
          </params>
          <reporter-output>
          </reporter-output>
        </test-method> <!-- feature -->
        <test-method status="PASS" signature="tearDownClass()[pri:0, instance:DSTPS.Automation.HybridDesktop.MemberLookupAutomation.runners.VerifyMemberLookUpReimbursementResults_TestRunner@3891771e]" name="tearDownClass" is-config="true" duration-ms="157" started-at="2019-06-24T19:49:40Z" finished-at="2019-06-24T19:49:40Z">
          <reporter-output>
          </reporter-output>
        </test-method> <!-- tearDownClass -->
      </class> <!-- DSTPS.Automation.HybridDesktop.MemberLookupAutomation.runners.VerifyMemberLookUpReimbursementResults_TestRunner -->
    </test> <!-- MemberLookup_Reimbursement_Verify_ReimbursementResultsFeature -->
    <test name="MemberLookup_CallNotes_Verify_CallNotesFeature" duration-ms="98374" started-at="2019-06-24T14:19:40Z" finished-at="2019-06-24T14:21:18Z">
      <class name="DSTPS.Automation.HybridDesktop.MemberLookupAutomation.runners.VerifyMemberLookUpCallNotes_TestRunner">
        <test-method status="PASS" signature="setUpClass()[pri:0, instance:DSTPS.Automation.HybridDesktop.MemberLookupAutomation.runners.VerifyMemberLookUpCallNotes_TestRunner@18bf3d14]" name="setUpClass" is-config="true" duration-ms="71" started-at="2019-06-24T19:49:40Z" finished-at="2019-06-24T19:49:40Z">
          <reporter-output>
          </reporter-output>
        </test-method> <!-- setUpClass -->
        <test-method status="PASS" signature="feature(cucumber.api.testng.CucumberFeatureWrapper)[pri:0, instance:DSTPS.Automation.HybridDesktop.MemberLookupAutomation.runners.VerifyMemberLookUpCallNotes_TestRunner@18bf3d14]" name="feature" duration-ms="98107" started-at="2019-06-24T19:49:40Z" description="Runs Cucumber Feature" data-provider="features" finished-at="2019-06-24T19:51:18Z">
          <params>
            <param index="0">
              <value>
                <![CDATA[MemberLookup Search and verify Call Notes Call Notes]]>
              </value>
            </param>
          </params>
          <reporter-output>
          </reporter-output>
        </test-method> <!-- feature -->
        <test-method status="PASS" signature="tearDownClass()[pri:0, instance:DSTPS.Automation.HybridDesktop.MemberLookupAutomation.runners.VerifyMemberLookUpCallNotes_TestRunner@18bf3d14]" name="tearDownClass" is-config="true" duration-ms="183" started-at="2019-06-24T19:51:18Z" finished-at="2019-06-24T19:51:18Z">
          <reporter-output>
          </reporter-output>
        </test-method> <!-- tearDownClass -->
      </class> <!-- DSTPS.Automation.HybridDesktop.MemberLookupAutomation.runners.VerifyMemberLookUpCallNotes_TestRunner -->
    </test> <!-- MemberLookup_CallNotes_Verify_CallNotesFeature -->
    <test name="MemberLookup_Pharmacy_Verify_CallNotesFeature" duration-ms="119256" started-at="2019-06-24T14:21:18Z" finished-at="2019-06-24T14:23:17Z">
      <class name="DSTPS.Automation.HybridDesktop.MemberLookupAutomation.runners.VerifyMemberLookUpPharmacyCallNotes_TestRunner">
        <test-method status="PASS" signature="setUpClass()[pri:0, instance:DSTPS.Automation.HybridDesktop.MemberLookupAutomation.runners.VerifyMemberLookUpPharmacyCallNotes_TestRunner@7276c8cd]" name="setUpClass" is-config="true" duration-ms="71" started-at="2019-06-24T19:51:18Z" finished-at="2019-06-24T19:51:18Z">
          <reporter-output>
          </reporter-output>
        </test-method> <!-- setUpClass -->
        <test-method status="PASS" signature="feature(cucumber.api.testng.CucumberFeatureWrapper)[pri:0, instance:DSTPS.Automation.HybridDesktop.MemberLookupAutomation.runners.VerifyMemberLookUpPharmacyCallNotes_TestRunner@7276c8cd]" name="feature" duration-ms="119028" started-at="2019-06-24T19:51:18Z" description="Runs Cucumber Feature" data-provider="features" finished-at="2019-06-24T19:53:17Z">
          <params>
            <param index="0">
              <value>
                <![CDATA[MemberLookup Search and verify Pharmacy Call Notes]]>
              </value>
            </param>
          </params>
          <reporter-output>
          </reporter-output>
        </test-method> <!-- feature -->
        <test-method status="PASS" signature="tearDownClass()[pri:0, instance:DSTPS.Automation.HybridDesktop.MemberLookupAutomation.runners.VerifyMemberLookUpPharmacyCallNotes_TestRunner@7276c8cd]" name="tearDownClass" is-config="true" duration-ms="147" started-at="2019-06-24T19:53:17Z" finished-at="2019-06-24T19:53:17Z">
          <reporter-output>
          </reporter-output>
        </test-method> <!-- tearDownClass -->
      </class> <!-- DSTPS.Automation.HybridDesktop.MemberLookupAutomation.runners.VerifyMemberLookUpPharmacyCallNotes_TestRunner -->
    </test> <!-- MemberLookup_Pharmacy_Verify_CallNotesFeature -->
    <test name="MemberLookup_Pharmacy_Verify_PharmacyResultsFeature" duration-ms="130028" started-at="2019-06-24T14:23:17Z" finished-at="2019-06-24T14:25:27Z">
      <class name="DSTPS.Automation.HybridDesktop.MemberLookupAutomation.runners.VerifyMemberLookUpPharmacyResults_TestRunner">
        <test-method status="PASS" signature="setUpClass()[pri:0, instance:DSTPS.Automation.HybridDesktop.MemberLookupAutomation.runners.VerifyMemberLookUpPharmacyResults_TestRunner@704d6e83]" name="setUpClass" is-config="true" duration-ms="78" started-at="2019-06-24T19:53:17Z" finished-at="2019-06-24T19:53:18Z">
          <reporter-output>
          </reporter-output>
        </test-method> <!-- setUpClass -->
        <test-method status="PASS" signature="feature(cucumber.api.testng.CucumberFeatureWrapper)[pri:0, instance:DSTPS.Automation.HybridDesktop.MemberLookupAutomation.runners.VerifyMemberLookUpPharmacyResults_TestRunner@704d6e83]" name="feature" duration-ms="129789" started-at="2019-06-24T19:53:18Z" description="Runs Cucumber Feature" data-provider="features" finished-at="2019-06-24T19:55:27Z">
          <params>
            <param index="0">
              <value>
                <![CDATA[MemberLookup Search and verify Pharmacy Pharmacy Results]]>
              </value>
            </param>
          </params>
          <reporter-output>
          </reporter-output>
        </test-method> <!-- feature -->
        <test-method status="PASS" signature="tearDownClass()[pri:0, instance:DSTPS.Automation.HybridDesktop.MemberLookupAutomation.runners.VerifyMemberLookUpPharmacyResults_TestRunner@704d6e83]" name="tearDownClass" is-config="true" duration-ms="145" started-at="2019-06-24T19:55:27Z" finished-at="2019-06-24T19:55:27Z">
          <reporter-output>
          </reporter-output>
        </test-method> <!-- tearDownClass -->
      </class> <!-- DSTPS.Automation.HybridDesktop.MemberLookupAutomation.runners.VerifyMemberLookUpPharmacyResults_TestRunner -->
    </test> <!-- MemberLookup_Pharmacy_Verify_PharmacyResultsFeature -->
  </suite> <!-- Suite -->
</testng-results>
