<?xml version="1.0" encoding="UTF-8"?>
<!-- Generated by org.testng.reporters.JUnitReportReporter -->
<testsuite hostname="HDDT0260" name="DSTPS.Automation.HybridDesktop.AccumulatorAutomation.runners.AccumulatorFeature_TestRunner" tests="1" failures="0" timestamp="16 Apr 2018 09:11:50 GMT" time="42.902" errors="1">
  <testcase name="feature" time="42.902" classname="DSTPS.Automation.HybridDesktop.AccumulatorAutomation.runners.AccumulatorFeature_TestRunner">
    <error type="cucumber.runtime.CucumberException" message="java.lang.NullPointerException">
      <![CDATA[cucumber.runtime.CucumberException: java.lang.NullPointerException
	at cucumber.api.testng.TestNGCucumberRunner.runCucumber(TestNGCucumberRunner.java:69)
	at cucumber.api.testng.AbstractTestNGCucumberTests.feature(AbstractTestNGCucumberTests.java:21)
	at sun.reflect.NativeMethodAccessorImpl.invoke0(Native Method)
	at sun.reflect.NativeMethodAccessorImpl.invoke(Unknown Source)
	at sun.reflect.DelegatingMethodAccessorImpl.invoke(Unknown Source)
	at java.lang.reflect.Method.invoke(Unknown Source)
	at org.testng.internal.MethodInvocationHelper.invokeMethod(MethodInvocationHelper.java:86)
	at org.testng.internal.Invoker.invokeMethod(Invoker.java:643)
	at org.testng.internal.Invoker.invokeTestMethod(Invoker.java:820)
	at org.testng.internal.Invoker.invokeTestMethods(Invoker.java:1128)
	at org.testng.internal.TestMethodWorker.invokeTestMethods(TestMethodWorker.java:129)
	at org.testng.internal.TestMethodWorker.run(TestMethodWorker.java:112)
	at java.util.concurrent.ThreadPoolExecutor.runWorker(Unknown Source)
	at java.util.concurrent.ThreadPoolExecutor$Worker.run(Unknown Source)
	at java.lang.Thread.run(Unknown Source)
Caused by: java.lang.NullPointerException
	at DSTPS.Automation.HybridDesktop.AccumulatorAutomation.steps.LandingPage_Steps.SelectApplication(LandingPage_Steps.java:36)
	at DSTPS.Automation.HybridDesktop.AccumulatorAutomation.stepDefinitions.StepDefinitionsAddAccumulator.the_user_selects_the_application_from_menu_options(StepDefinitionsAddAccumulator.java:59)
	at ✽.Given User in Landing Page, he selects the application from menu(features/Accumulator/Accumulator.feature:11)
]]>
    </error>
  </testcase> <!-- feature -->
</testsuite> <!-- DSTPS.Automation.HybridDesktop.AccumulatorAutomation.runners.AccumulatorFeature_TestRunner -->
