<?xml version="1.0" encoding="UTF-8"?>
<!-- Generated by org.testng.reporters.JUnitXMLReporter -->
<testsuite hostname="HDDT0260" name="MemberLookup_Claim_Verify_ClaimDetailFeature" tests="1" failures="0" timestamp="19 Jun 2019 07:03:26 GMT" time="149.082" errors="0">
  <testcase name="feature" time="148.794" classname="DSTPS.Automation.HybridDesktop.MemberLookupAutomation.runners.VerifyMemberLookUpClaimClaimDetails_TestRunner"/>
</testsuite> <!-- MemberLookup_Claim_Verify_ClaimDetailFeature -->
