<?xml version="1.0" encoding="UTF-8"?>
<!-- Generated by org.testng.reporters.JUnitXMLReporter -->
<testsuite hostname="HDDT0260" name="MemberLookup_Claim_Verify_AdditionalInformationFeature" tests="1" failures="0" timestamp="19 Jun 2019 07:19:26 GMT" time="117.254" errors="0">
  <testcase name="feature" time="116.983" classname="DSTPS.Automation.HybridDesktop.MemberLookupAutomation.runners.VerifyMemberLookUpClaimAdditionalInformation_TestRunner"/>
</testsuite> <!-- MemberLookup_Claim_Verify_AdditionalInformationFeature -->
