<?xml version="1.0" encoding="UTF-8"?>
<!-- Generated by org.testng.reporters.JUnitXMLReporter -->
<testsuite hostname="HDDT0260" name="MemberLookup_Pharmacy_Verify_CallNotesFeature" tests="1" failures="0" timestamp="19 Jun 2019 07:50:17 GMT" time="112.869" errors="0">
  <testcase name="feature" time="112.597" classname="DSTPS.Automation.HybridDesktop.MemberLookupAutomation.runners.VerifyMemberLookUpPharmacyCallNotes_TestRunner"/>
</testsuite> <!-- MemberLookup_Pharmacy_Verify_CallNotesFeature -->
