<?xml version="1.0" encoding="UTF-8"?>
<!-- Generated by org.testng.reporters.JUnitXMLReporter -->
<testsuite hostname="HDDT0260" name="MemberLookup_Formulary_Verify_CallNotesFeature" tests="1" failures="0" timestamp="19 Jun 2019 07:29:30 GMT" time="110.192" errors="0">
  <testcase name="feature" time="109.838" classname="DSTPS.Automation.HybridDesktop.MemberLookupAutomation.runners.VerifyMemberLookUpFormularyCallNotes_TestRunner"/>
</testsuite> <!-- MemberLookup_Formulary_Verify_CallNotesFeature -->
