<?xml version="1.0" encoding="UTF-8"?>
<!-- Generated by org.testng.reporters.JUnitXMLReporter -->
<testsuite hostname="HDDT0260" name="MemberLookup_BenefitsEligibility_Verify_BAndEDetailFeature" tests="1" failures="0" timestamp="19 Jun 2019 06:51:49 GMT" time="152.777" errors="0">
  <testcase name="feature" time="152.371" classname="DSTPS.Automation.HybridDesktop.MemberLookupAutomation.runners.VerifyMemberLookUpBenefitsAndEligibilityDetail_TestRunner"/>
</testsuite> <!-- MemberLookup_BenefitsEligibility_Verify_BAndEDetailFeature -->
