<?xml version="1.0" encoding="UTF-8"?>
<!-- Generated by org.testng.reporters.JUnitXMLReporter -->
<testsuite hostname="HDDT0260" name="MemberLookup_Authorization_Verify_GeneralInformationFeature" tests="1" failures="0" timestamp="19 Jun 2019 07:41:26 GMT" time="108.071" errors="0">
  <testcase name="feature" time="107.822" classname="DSTPS.Automation.HybridDesktop.MemberLookupAutomation.runners.VerifyMemberLookUpAuthorizationGeneralInformation_TestRunner"/>
</testsuite> <!-- MemberLookup_Authorization_Verify_GeneralInformationFeature -->
