<?xml version="1.0" encoding="UTF-8"?>
<!-- Generated by org.testng.reporters.JUnitXMLReporter -->
<testsuite hostname="HDDT0260" name="MemberLookup_BenefitsEligibility_Verify_DualCoverageFeature" tests="1" failures="0" timestamp="19 Jun 2019 06:59:00 GMT" time="97.101" errors="0">
  <testcase name="feature" time="96.67" classname="DSTPS.Automation.HybridDesktop.MemberLookupAutomation.runners.VerifyMemberLookUpBenefitsAndEligibilityDualCoverage_TestRunner"/>
</testsuite> <!-- MemberLookup_BenefitsEligibility_Verify_DualCoverageFeature -->
