<?xml version="1.0" encoding="UTF-8"?>
<!-- Generated by org.testng.reporters.JUnitXMLReporter -->
<testsuite hostname="HDDT0260" name="MemberLookup_Formulary_Verify_MinMaxDoseFeature" tests="1" failures="0" timestamp="19 Jun 2019 07:36:01 GMT" time="106.819" errors="0">
  <testcase name="feature" time="106.551" classname="DSTPS.Automation.HybridDesktop.MemberLookupAutomation.runners.VerifyMemberLookUpFormularyMinMaxDose_TestRunner"/>
</testsuite> <!-- MemberLookup_Formulary_Verify_MinMaxDoseFeature -->
