<?xml version="1.0" encoding="UTF-8"?>
<!-- Generated by org.testng.reporters.JUnitXMLReporter -->
<testsuite hostname="HDDT0260" name="MemberLookup_Authorization_Verify_NotesAndHistoryFeature" tests="1" failures="0" timestamp="19 Jun 2019 07:43:09 GMT" time="102.689" errors="0">
  <testcase name="feature" time="102.438" classname="DSTPS.Automation.HybridDesktop.MemberLookupAutomation.runners.VerifyMemberLookUpAuthorizationNotesAndHistory_TestRunner"/>
</testsuite> <!-- MemberLookup_Authorization_Verify_NotesAndHistoryFeature -->
