<?xml version="1.0" encoding="UTF-8"?>
<!-- Generated by org.testng.reporters.JUnitXMLReporter -->
<testsuite hostname="HDDT0260" name="MemberLookup_BenefitsEligibility_Verify_CallNotesFeature" tests="1" failures="0" timestamp="19 Jun 2019 06:49:17 GMT" time="111.453" errors="0">
  <testcase name="feature" time="111.037" classname="DSTPS.Automation.HybridDesktop.MemberLookupAutomation.runners.VerifyMemberLookUpBenefitsAndEligibilityCallNotes_TestRunner"/>
</testsuite> <!-- MemberLookup_BenefitsEligibility_Verify_CallNotesFeature -->
