<?xml version="1.0" encoding="UTF-8"?>
<!-- Generated by org.testng.reporters.JUnitXMLReporter -->
<testsuite hostname="HDDT0260" name="MemberLookup_Reimbursement_Verify_CallNotesFeature" tests="1" failures="0" timestamp="19 Jun 2019 07:44:59 GMT" time="109.951" errors="0">
  <testcase name="feature" time="109.694" classname="DSTPS.Automation.HybridDesktop.MemberLookupAutomation.runners.VerifyMemberLookUpReimbursementCallNotes_TestRunner"/>
</testsuite> <!-- MemberLookup_Reimbursement_Verify_CallNotesFeature -->
