<?xml version="1.0" encoding="UTF-8"?>
<!-- Generated by org.testng.reporters.JUnitXMLReporter -->
<testsuite hostname="HDDT0260" name="MemberLookup_Claim_Verify_MedicarePartDFeature" tests="1" failures="0" timestamp="19 Jun 2019 07:23:28 GMT" time="126.683" errors="0">
  <testcase name="feature" time="126.425" classname="DSTPS.Automation.HybridDesktop.MemberLookupAutomation.runners.VerifyMemberLookUpClaimMedicarePartD_TestRunner"/>
</testsuite> <!-- MemberLookup_Claim_Verify_MedicarePartDFeature -->
