<?xml version="1.0" encoding="UTF-8"?>
<!-- Generated by org.testng.reporters.JUnitXMLReporter -->
<testsuite hostname="HDDT0260" name="MemberLookup_Claim_Verify_ContextualHelpFeature" tests="1" failures="0" timestamp="19 Jun 2019 07:05:20 GMT" time="113.841" errors="0">
  <testcase name="feature" time="113.555" classname="DSTPS.Automation.HybridDesktop.MemberLookupAutomation.runners.VerifyMemberLookUpClaimContextualHelp_TestRunner"/>
</testsuite> <!-- MemberLookup_Claim_Verify_ContextualHelpFeature -->
