<?xml version="1.0" encoding="UTF-8"?>
<!-- Generated by org.testng.reporters.JUnitXMLReporter -->
<testsuite hostname="HDDT0260" name="MemberLookup_BenefitsEligibility_Verify_CoverageAndCopayFeature" tests="1" failures="0" timestamp="19 Jun 2019 06:53:37 GMT" time="107.254" errors="0">
  <testcase name="feature" time="106.955" classname="DSTPS.Automation.HybridDesktop.MemberLookupAutomation.runners.VerifyMemberLookUpBenefitsAndEligibilityCoverageAndCopay_TestRunner"/>
</testsuite> <!-- MemberLookup_BenefitsEligibility_Verify_CoverageAndCopayFeature -->
