<?xml version="1.0" encoding="UTF-8"?>
<!-- Generated by org.testng.reporters.JUnitXMLReporter -->
<testsuite hostname="HDDT0260" name="MemberLookup_Formulary_Verify_GeneralInformationFeature" tests="1" failures="0" timestamp="19 Jun 2019 07:34:15 GMT" time="124.964" errors="0">
  <testcase name="feature" time="124.661" classname="DSTPS.Automation.HybridDesktop.MemberLookupAutomation.runners.VerifyMemberLookUpFormularyGeneralInformation_TestRunner"/>
</testsuite> <!-- MemberLookup_Formulary_Verify_GeneralInformationFeature -->
