<?xml version="1.0" encoding="UTF-8"?>
<!-- Generated by org.testng.reporters.JUnitXMLReporter -->
<testsuite hostname="HDDT0260" name="MemberLookup_BenefitsEligibility_Verify_DeduductibleAndAccumulatorsFeature" tests="1" failures="0" timestamp="19 Jun 2019 06:55:29 GMT" time="112.648" errors="0">
  <testcase name="feature" time="112.352" classname="DSTPS.Automation.HybridDesktop.MemberLookupAutomation.runners.VerifyMemberLookUpBenefitsAndEligibilityDeductibleAndAccumulator_TestRunner"/>
</testsuite> <!-- MemberLookup_BenefitsEligibility_Verify_DeduductibleAndAccumulatorsFeature -->
