<?xml version="1.0" encoding="UTF-8"?>
<!-- Generated by org.testng.reporters.JUnitXMLReporter -->
<testsuite hostname="HDDT0260" name="MemberLookup_Authorization_Verify_AuthResultsFeature" tests="1" failures="0" timestamp="19 Jun 2019 07:39:38 GMT" time="98.663" errors="0">
  <testcase name="feature" time="98.397" classname="DSTPS.Automation.HybridDesktop.MemberLookupAutomation.runners.VerifyMemberLookUpAuthResults_TestRunner"/>
</testsuite> <!-- MemberLookup_Authorization_Verify_AuthResultsFeature -->
