<?xml version="1.0" encoding="UTF-8"?>
<!-- Generated by org.testng.reporters.JUnitXMLReporter -->
<testsuite hostname="HDDT0260" name="MemberLookup_Claim_Verify_TransferRulesCCInformationFeature" tests="1" failures="0" timestamp="19 Jun 2019 07:07:19 GMT" time="118.154" errors="0">
  <testcase name="feature" time="117.862" classname="DSTPS.Automation.HybridDesktop.MemberLookupAutomation.runners.VerifyMemberLookUpClaimTransferRulesCCInformation_TestRunner"/>
</testsuite> <!-- MemberLookup_Claim_Verify_TransferRulesCCInformationFeature -->
