<?xml version="1.0" encoding="UTF-8"?>
<!-- Generated by org.testng.reporters.JUnitXMLReporter -->
<testsuite hostname="HDDT0260" name="MemberLookup_Search_VerifyMemberDetailsFeature" tests="1" failures="0" timestamp="19 Jun 2019 06:47:25 GMT" time="110.657" errors="0">
  <testcase name="feature" time="108.944" classname="DSTPS.Automation.HybridDesktop.MemberLookupAutomation.runners.SearchMemberLookUpAndVerifyMemberDetails_TestRunner"/>
</testsuite> <!-- MemberLookup_Search_VerifyMemberDetailsFeature -->
