<?xml version="1.0" encoding="UTF-8"?>
<!-- Generated by org.testng.reporters.JUnitXMLReporter -->
<testsuite hostname="HDDT0260" name="MemberLookup_Claim_Verify_ErrorsAndMessagesFeature" tests="1" failures="0" timestamp="19 Jun 2019 07:09:11 GMT" time="112.21" errors="0">
  <testcase name="feature" time="111.861" classname="DSTPS.Automation.HybridDesktop.MemberLookupAutomation.runners.VerifyMemberLookUpClaimErrorsAndMessages_TestRunner"/>
</testsuite> <!-- MemberLookup_Claim_Verify_ErrorsAndMessagesFeature -->
