<?xml version="1.0" encoding="UTF-8"?>
<!-- Generated by org.testng.reporters.JUnitXMLReporter -->
<testsuite hostname="HDDT0260" name="MemberLookup_Pharmacy_Verify_PharmacyResultsFeature" tests="1" failures="0" timestamp="19 Jun 2019 07:52:22 GMT" time="125.193" errors="0">
  <testcase name="feature" time="124.922" classname="DSTPS.Automation.HybridDesktop.MemberLookupAutomation.runners.VerifyMemberLookUpPharmacyResults_TestRunner"/>
</testsuite> <!-- MemberLookup_Pharmacy_Verify_PharmacyResultsFeature -->
