<?xml version="1.0" encoding="UTF-8"?>
<!-- Generated by org.testng.reporters.JUnitXMLReporter -->
<testsuite hostname="HDDT0260" name="MemberLookup_Claim_Verify_ClaimRawDataFeature" tests="1" failures="0" timestamp="19 Jun 2019 07:21:21 GMT" time="114.722" errors="0">
  <testcase name="feature" time="114.448" classname="DSTPS.Automation.HybridDesktop.MemberLookupAutomation.runners.VerifyMemberLookUpClaimClaimRawData_TestRunner"/>
</testsuite> <!-- MemberLookup_Claim_Verify_ClaimRawDataFeature -->
