<?xml version="1.0" encoding="UTF-8"?>
<!-- Generated by org.testng.reporters.JUnitXMLReporter -->
<testsuite hostname="HDDT0260" name="MemberLookup_Claim_Verify_ClaimHistoryFeature" tests="1" failures="0" timestamp="19 Jun 2019 07:00:57 GMT" time="117.559" errors="0">
  <testcase name="feature" time="117.105" classname="DSTPS.Automation.HybridDesktop.MemberLookupAutomation.runners.VerifyMemberLookUpClaimClaimHistory_TestRunner"/>
</testsuite> <!-- MemberLookup_Claim_Verify_ClaimHistoryFeature -->
