<?xml version="1.0" encoding="UTF-8"?>
<!-- Generated by org.testng.reporters.JUnitXMLReporter -->
<testsuite hostname="HDDT0260" name="MemberLookup_Claim_Verify_DrugUtilizationReiewResponseDetailsFeature" tests="1" failures="0" timestamp="19 Jun 2019 07:11:15 GMT" time="124.055" errors="0">
  <testcase name="feature" time="123.754" classname="DSTPS.Automation.HybridDesktop.MemberLookupAutomation.runners.VerifyMemberLookUpClaimDrugUtilizationReiewResponseDetails_TestRunner"/>
</testsuite> <!-- MemberLookup_Claim_Verify_DrugUtilizationReiewResponseDetailsFeature -->
