<?xml version="1.0" encoding="UTF-8"?>
<!-- Generated by org.testng.reporters.JUnitXMLReporter -->
<testsuite hostname="HDDT0260" name="MemberLookup_BenefitsEligibility_Verify_PartDFeature" tests="1" failures="0" timestamp="19 Jun 2019 06:57:23 GMT" time="113.405" errors="0">
  <testcase name="feature" time="112.528" classname="DSTPS.Automation.HybridDesktop.MemberLookupAutomation.runners.VerifyMemberLookUpBenefitsAndEligibilityPartD_TestRunner"/>
</testsuite> <!-- MemberLookup_BenefitsEligibility_Verify_PartDFeature -->
