<?xml version="1.0" encoding="UTF-8"?>
<!-- Generated by org.testng.reporters.JUnitXMLReporter -->
<testsuite hostname="HDDT0260" name="AccumulatorFeatures" tests="1" failures="1" timestamp="16 Apr 2018 09:11:50 GMT" time="44.353" errors="0">
  <testcase name="feature" time="42.902" classname="DSTPS.Automation.HybridDesktop.AccumulatorAutomation.runners.AccumulatorFeature_TestRunner">
    <failure type="cucumber.runtime.CucumberException" message="java.lang.NullPointerException">
      <![CDATA[cucumber.runtime.CucumberException: java.lang.NullPointerException
	at cucumber.api.testng.TestNGCucumberRunner.runCucumber(TestNGCucumberRunner.java:69)
	at cucumber.api.testng.AbstractTestNGCucumberTests.feature(AbstractTestNGCucumberTests.java:21)
	at java.util.concurrent.ThreadPoolExecutor.runWorker(Unknown Source)
	at java.util.concurrent.ThreadPoolExecutor$Worker.run(Unknown Source)
	at java.lang.Thread.run(Unknown Source)
Caused by: java.lang.NullPointerException
	at DSTPS.Automation.HybridDesktop.AccumulatorAutomation.steps.LandingPage_Steps.SelectApplication(LandingPage_Steps.java:36)
	at DSTPS.Automation.HybridDesktop.AccumulatorAutomation.stepDefinitions.StepDefinitionsAddAccumulator.the_user_selects_the_application_from_menu_options(StepDefinitionsAddAccumulator.java:59)
	at ✽.Given User in Landing Page, he selects the application from menu(features/Accumulator/Accumulator.feature:11)
... Removed 10 stack frames]]>
    </failure>
  </testcase> <!-- feature -->
</testsuite> <!-- AccumulatorFeatures -->
