<?xml version="1.0" encoding="UTF-8"?>
<!-- Generated by org.testng.reporters.JUnitXMLReporter -->
<testsuite hostname="HDDT0260" name="MemberLookup_Pharmacy_Verify_CallNotesFeature" tests="1" failures="0" timestamp="24 Jun 2019 14:23:17 GMT" time="119.256" errors="0">
  <testcase name="feature" time="119.028" classname="DSTPS.Automation.HybridDesktop.MemberLookupAutomation.runners.VerifyMemberLookUpPharmacyCallNotes_TestRunner"/>
</testsuite> <!-- MemberLookup_Pharmacy_Verify_CallNotesFeature -->
