<?xml version="1.0" encoding="UTF-8"?>
<!-- Generated by org.testng.reporters.JUnitXMLReporter -->
<testsuite hostname="HDDT0260" name="MemberLookup_BenefitsEligibility_Verify_BAndEDetailFeature" tests="1" failures="0" timestamp="24 Jun 2019 13:24:34 GMT" time="141.545" errors="0">
  <testcase name="feature" time="141.143" classname="DSTPS.Automation.HybridDesktop.MemberLookupAutomation.runners.VerifyMemberLookUpBenefitsAndEligibilityDetail_TestRunner"/>
</testsuite> <!-- MemberLookup_BenefitsEligibility_Verify_BAndEDetailFeature -->
