<?xml version="1.0" encoding="UTF-8"?>
<!-- Generated by org.testng.reporters.JUnitXMLReporter -->
<testsuite hostname="HDDT0260" name="MemberLookup_Reimbursement_Verify_CallNotesFeature" tests="1" failures="0" timestamp="24 Jun 2019 14:17:48 GMT" time="115.786" errors="0">
  <testcase name="feature" time="115.552" classname="DSTPS.Automation.HybridDesktop.MemberLookupAutomation.runners.VerifyMemberLookUpReimbursementCallNotes_TestRunner"/>
</testsuite> <!-- MemberLookup_Reimbursement_Verify_CallNotesFeature -->
