<?xml version="1.0" encoding="UTF-8"?>
<!-- Generated by org.testng.reporters.JUnitXMLReporter -->
<testsuite hostname="HDDT0260" name="MemberLookup_Authorization_Verify_GeneralInformationFeature" tests="1" failures="0" timestamp="24 Jun 2019 14:14:05 GMT" time="109.764" errors="0">
  <testcase name="feature" time="109.519" classname="DSTPS.Automation.HybridDesktop.MemberLookupAutomation.runners.VerifyMemberLookUpAuthorizationGeneralInformation_TestRunner"/>
</testsuite> <!-- MemberLookup_Authorization_Verify_GeneralInformationFeature -->
