<?xml version="1.0" encoding="UTF-8"?>
<!-- Generated by org.testng.reporters.JUnitXMLReporter -->
<testsuite hostname="HDDT0260" name="MemberLookup_Formulary_Verify_CallNotesFeature" tests="1" failures="0" timestamp="24 Jun 2019 14:02:49 GMT" time="115.797" errors="0">
  <testcase name="feature" time="115.548" classname="DSTPS.Automation.HybridDesktop.MemberLookupAutomation.runners.VerifyMemberLookUpFormularyCallNotes_TestRunner"/>
</testsuite> <!-- MemberLookup_Formulary_Verify_CallNotesFeature -->
