<?xml version="1.0" encoding="UTF-8"?>
<!-- Generated by org.testng.reporters.JUnitXMLReporter -->
<testsuite hostname="HDDT0260" name="MemberLookup_Authorization_Verify_NotesAndHistoryFeature" tests="1" failures="0" timestamp="24 Jun 2019 14:15:52 GMT" time="106.907" errors="0">
  <testcase name="feature" time="106.669" classname="DSTPS.Automation.HybridDesktop.MemberLookupAutomation.runners.VerifyMemberLookUpAuthorizationNotesAndHistory_TestRunner"/>
</testsuite> <!-- MemberLookup_Authorization_Verify_NotesAndHistoryFeature -->
