<?xml version="1.0" encoding="UTF-8"?>
<!-- Generated by org.testng.reporters.JUnitXMLReporter -->
<testsuite hostname="HDDT0260" name="MemberLookup_Search_VerifyMemberDetailsFeature" tests="1" failures="0" timestamp="24 Jun 2019 13:20:16 GMT" time="113.66" errors="0">
  <testcase name="feature" time="111.953" classname="DSTPS.Automation.HybridDesktop.MemberLookupAutomation.runners.SearchMemberLookUpAndVerifyMemberDetails_TestRunner"/>
</testsuite> <!-- MemberLookup_Search_VerifyMemberDetailsFeature -->
