<?xml version="1.0" encoding="UTF-8"?>
<!-- Generated by org.testng.reporters.JUnitXMLReporter -->
<testsuite hostname="HDDT0260" name="MemberLookup_Claim_Verify_ClaimDetailFeature" tests="1" failures="0" timestamp="24 Jun 2019 13:36:37 GMT" time="146.685" errors="0">
  <testcase name="feature" time="146.403" classname="DSTPS.Automation.HybridDesktop.MemberLookupAutomation.runners.VerifyMemberLookUpClaimClaimDetails_TestRunner"/>
</testsuite> <!-- MemberLookup_Claim_Verify_ClaimDetailFeature -->
