<?xml version="1.0" encoding="UTF-8"?>
<!-- Generated by org.testng.reporters.JUnitXMLReporter -->
<testsuite hostname="HDDT0260" name="MemberLookup_Reimbursement_Verify_ReimbursementResultsFeature" tests="1" failures="0" timestamp="24 Jun 2019 14:19:40 GMT" time="112.0" errors="0">
  <testcase name="feature" time="111.745" classname="DSTPS.Automation.HybridDesktop.MemberLookupAutomation.runners.VerifyMemberLookUpReimbursementResults_TestRunner"/>
</testsuite> <!-- MemberLookup_Reimbursement_Verify_ReimbursementResultsFeature -->
