<?xml version="1.0" encoding="UTF-8"?>
<!-- Generated by org.testng.reporters.JUnitXMLReporter -->
<testsuite hostname="HDDT0260" name="MemberLookup_Authorization_Verify_CallNotesFeature" tests="1" failures="0" timestamp="24 Jun 2019 14:10:34 GMT" time="112.896" errors="0">
  <testcase name="feature" time="112.649" classname="DSTPS.Automation.HybridDesktop.MemberLookupAutomation.runners.VerifyMemberLookUpAuthorizationCallNotes_TestRunner"/>
</testsuite> <!-- MemberLookup_Authorization_Verify_CallNotesFeature -->
