<?xml version="1.0" encoding="UTF-8"?>
<!-- Generated by org.testng.reporters.JUnitXMLReporter -->
<testsuite hostname="HDDT0260" name="MemberLookup_Claim_Verify_ErrorsAndMessagesFeature" tests="1" failures="0" timestamp="24 Jun 2019 13:42:29 GMT" time="115.825" errors="0">
  <testcase name="feature" time="115.588" classname="DSTPS.Automation.HybridDesktop.MemberLookupAutomation.runners.VerifyMemberLookUpClaimErrorsAndMessages_TestRunner"/>
</testsuite> <!-- MemberLookup_Claim_Verify_ErrorsAndMessagesFeature -->
