<?xml version="1.0" encoding="UTF-8"?>
<!-- Generated by org.testng.reporters.JUnitXMLReporter -->
<testsuite hostname="HDDT0260" name="MemberLookup_Formulary_Verify_MinMaxDoseFeature" tests="1" failures="0" timestamp="24 Jun 2019 14:08:41 GMT" time="107.637" errors="0">
  <testcase name="feature" time="107.368" classname="DSTPS.Automation.HybridDesktop.MemberLookupAutomation.runners.VerifyMemberLookUpFormularyMinMaxDose_TestRunner"/>
</testsuite> <!-- MemberLookup_Formulary_Verify_MinMaxDoseFeature -->
