<?xml version="1.0" encoding="UTF-8"?>
<!-- Generated by org.testng.reporters.JUnitXMLReporter -->
<testsuite hostname="HDDT0260" name="MemberLookup_Claim_Verify_DrugUtilizationReiewResponseDetailsFeature" tests="1" failures="0" timestamp="24 Jun 2019 13:44:35 GMT" time="126.148" errors="0">
  <testcase name="feature" time="125.9" classname="DSTPS.Automation.HybridDesktop.MemberLookupAutomation.runners.VerifyMemberLookUpClaimDrugUtilizationReiewResponseDetails_TestRunner"/>
</testsuite> <!-- MemberLookup_Claim_Verify_DrugUtilizationReiewResponseDetailsFeature -->
