<?xml version="1.0" encoding="UTF-8"?>
<!-- Generated by org.testng.reporters.JUnitXMLReporter -->
<testsuite hostname="HDDT0260" name="MemberLookup_Formulary_Verify_DrugResultsFeature" tests="1" failures="0" timestamp="24 Jun 2019 14:04:50 GMT" time="121.032" errors="0">
  <testcase name="feature" time="120.745" classname="DSTPS.Automation.HybridDesktop.MemberLookupAutomation.runners.VerifyMemberLookUpFormularyDrugResults_TestRunner"/>
</testsuite> <!-- MemberLookup_Formulary_Verify_DrugResultsFeature -->
