<?xml version="1.0" encoding="UTF-8"?>
<!-- Generated by org.testng.reporters.JUnitXMLReporter -->
<testsuite hostname="HDDT0260" name="MemberLookup_Claim_Verify_AdditionalInformationFeature" tests="1" failures="0" timestamp="24 Jun 2019 13:52:51 GMT" time="118.856" errors="0">
  <testcase name="feature" time="118.597" classname="DSTPS.Automation.HybridDesktop.MemberLookupAutomation.runners.VerifyMemberLookUpClaimAdditionalInformation_TestRunner"/>
</testsuite> <!-- MemberLookup_Claim_Verify_AdditionalInformationFeature -->
