<?xml version="1.0" encoding="UTF-8"?>
<!-- Generated by org.testng.reporters.JUnitXMLReporter -->
<testsuite hostname="HDDT0260" name="MemberLookup_Claim_Verify_ClaimRawDataFeature" tests="1" failures="0" timestamp="24 Jun 2019 13:54:47 GMT" time="116.169" errors="0">
  <testcase name="feature" time="115.926" classname="DSTPS.Automation.HybridDesktop.MemberLookupAutomation.runners.VerifyMemberLookUpClaimClaimRawData_TestRunner"/>
</testsuite> <!-- MemberLookup_Claim_Verify_ClaimRawDataFeature -->
