<?xml version="1.0" encoding="UTF-8"?>
<!-- Generated by org.testng.reporters.JUnitXMLReporter -->
<testsuite hostname="HDDT0260" name="MemberLookup_Pharmacy_Verify_PharmacyResultsFeature" tests="1" failures="0" timestamp="24 Jun 2019 14:25:27 GMT" time="130.028" errors="0">
  <testcase name="feature" time="129.789" classname="DSTPS.Automation.HybridDesktop.MemberLookupAutomation.runners.VerifyMemberLookUpPharmacyResults_TestRunner"/>
</testsuite> <!-- MemberLookup_Pharmacy_Verify_PharmacyResultsFeature -->
