<?xml version="1.0" encoding="UTF-8"?>
<!-- Generated by org.testng.reporters.JUnitXMLReporter -->
<testsuite hostname="HDDT0260" name="MemberLookup_BenefitsEligibility_Verify_DeduductibleAndAccumulatorsFeature" tests="1" failures="0" timestamp="24 Jun 2019 13:28:27 GMT" time="124.407" errors="0">
  <testcase name="feature" time="124.125" classname="DSTPS.Automation.HybridDesktop.MemberLookupAutomation.runners.VerifyMemberLookUpBenefitsAndEligibilityDeductibleAndAccumulator_TestRunner"/>
</testsuite> <!-- MemberLookup_BenefitsEligibility_Verify_DeduductibleAndAccumulatorsFeature -->
