<?xml version="1.0" encoding="UTF-8"?>
<!-- Generated by org.testng.reporters.JUnitXMLReporter -->
<testsuite hostname="HDDT0260" name="MemberLookup_Claim_Verify_DrugInformationFeature" tests="1" failures="0" timestamp="24 Jun 2019 13:50:52 GMT" time="122.641" errors="0">
  <testcase name="feature" time="122.326" classname="DSTPS.Automation.HybridDesktop.MemberLookupAutomation.runners.VerifyMemberLookUpClaimDrugInformation_TestRunner"/>
</testsuite> <!-- MemberLookup_Claim_Verify_DrugInformationFeature -->
