<?xml version="1.0" encoding="UTF-8"?>
<!-- Generated by org.testng.reporters.JUnitXMLReporter -->
<testsuite hostname="HDDT0260" name="MemberLookup_Claim_Verify_MedicarePartDFeature" tests="1" failures="0" timestamp="24 Jun 2019 13:56:52 GMT" time="124.669" errors="0">
  <testcase name="feature" time="124.427" classname="DSTPS.Automation.HybridDesktop.MemberLookupAutomation.runners.VerifyMemberLookUpClaimMedicarePartD_TestRunner"/>
</testsuite> <!-- MemberLookup_Claim_Verify_MedicarePartDFeature -->
