<?xml version="1.0" encoding="UTF-8"?>
<!-- Generated by org.testng.reporters.JUnitXMLReporter -->
<testsuite hostname="HDDT0260" name="MemberLookup_Claim_Verify_ContextualHelpFeature" tests="1" failures="0" timestamp="24 Jun 2019 13:38:36 GMT" time="118.954" errors="0">
  <testcase name="feature" time="118.707" classname="DSTPS.Automation.HybridDesktop.MemberLookupAutomation.runners.VerifyMemberLookUpClaimContextualHelp_TestRunner"/>
</testsuite> <!-- MemberLookup_Claim_Verify_ContextualHelpFeature -->
