<?xml version="1.0" encoding="UTF-8"?>
<!-- Generated by org.testng.reporters.JUnitXMLReporter -->
<testsuite hostname="HDDT0260" name="MemberLookup_BenefitsEligibility_Verify_DualCoverageFeature" tests="1" failures="0" timestamp="24 Jun 2019 13:32:15 GMT" time="111.24" errors="0">
  <testcase name="feature" time="110.855" classname="DSTPS.Automation.HybridDesktop.MemberLookupAutomation.runners.VerifyMemberLookUpBenefitsAndEligibilityDualCoverage_TestRunner"/>
</testsuite> <!-- MemberLookup_BenefitsEligibility_Verify_DualCoverageFeature -->
