<?xml version="1.0" encoding="UTF-8"?>
<!-- Generated by org.testng.reporters.JUnitXMLReporter -->
<testsuite hostname="HDDT0260" name="MemberLookup_Claim_Verify_ClaimHistoryFeature" tests="1" failures="0" timestamp="24 Jun 2019 13:34:10 GMT" time="114.694" errors="0">
  <testcase name="feature" time="114.429" classname="DSTPS.Automation.HybridDesktop.MemberLookupAutomation.runners.VerifyMemberLookUpClaimClaimHistory_TestRunner"/>
</testsuite> <!-- MemberLookup_Claim_Verify_ClaimHistoryFeature -->
