<?xml version="1.0" encoding="UTF-8"?>
<!-- Generated by org.testng.reporters.JUnitXMLReporter -->
<testsuite hostname="HDDT0260" name="MemberLookup_BenefitsEligibility_Verify_PartDFeature" tests="1" failures="0" timestamp="24 Jun 2019 13:30:24 GMT" time="116.824" errors="0">
  <testcase name="feature" time="116.522" classname="DSTPS.Automation.HybridDesktop.MemberLookupAutomation.runners.VerifyMemberLookUpBenefitsAndEligibilityPartD_TestRunner"/>
</testsuite> <!-- MemberLookup_BenefitsEligibility_Verify_PartDFeature -->
