<?xml version="1.0" encoding="UTF-8"?>
<!-- Generated by org.testng.reporters.JUnitXMLReporter -->
<testsuite hostname="HDDT0260" name="MemberLookup_BenefitsEligibility_Verify_CoverageAndCopayFeature" tests="1" failures="0" timestamp="24 Jun 2019 13:26:23 GMT" time="109.111" errors="0">
  <testcase name="feature" time="108.833" classname="DSTPS.Automation.HybridDesktop.MemberLookupAutomation.runners.VerifyMemberLookUpBenefitsAndEligibilityCoverageAndCopay_TestRunner"/>
</testsuite> <!-- MemberLookup_BenefitsEligibility_Verify_CoverageAndCopayFeature -->
