<?xml version="1.0" encoding="UTF-8"?>
<!-- Generated by org.testng.reporters.JUnitXMLReporter -->
<testsuite hostname="HDDT0260" name="PharmacyLookup_BenefitsEligibility_Verify_PartDFeature" tests="1" failures="0" timestamp="8 Apr 2019 13:12:04 GMT" time="119.351" errors="0">
  <testcase name="feature" time="118.95" classname="DSTPS.Automation.HybridDesktop.PharmacyLookupAutomation.runners.VerifyPharmacyLookUpBenefitsAndEligibilityPartD_TestRunner"/>
</testsuite> <!-- PharmacyLookup_BenefitsEligibility_Verify_PartDFeature -->
