<?xml version="1.0" encoding="UTF-8"?>
<!-- Generated by org.testng.reporters.JUnitXMLReporter -->
<testsuite hostname="HDDT0260" name="PharmacyLookup_Claim_Verify_DrugUtillizationReviewResponseDetailsFeature" tests="1" failures="0" timestamp="8 Apr 2019 13:22:37 GMT" time="104.6" errors="0">
  <testcase name="feature" time="104.177" classname="DSTPS.Automation.HybridDesktop.PharmacyLookupAutomation.runners.VerifyPharmacyLookUpClaimDrugUtilizationReiewResponseDetails_TestRunner"/>
</testsuite> <!-- PharmacyLookup_Claim_Verify_DrugUtillizationReviewResponseDetailsFeature -->
