<?xml version="1.0" encoding="UTF-8"?>
<!-- Generated by org.testng.reporters.JUnitXMLReporter -->
<testsuite hostname="HDDT0260" name="PharmacyLookup_Claim_Verify_MedicarePartDFeature" tests="1" failures="0" timestamp="8 Apr 2019 13:24:32 GMT" time="115.156" errors="0">
  <testcase name="feature" time="114.62" classname="DSTPS.Automation.HybridDesktop.PharmacyLookupAutomation.runners.VerifyPharmacyLookUpClaimMedicarePartD_TestRunner"/>
</testsuite> <!-- PharmacyLookup_Claim_Verify_MedicarePartDFeature -->
