<?xml version="1.0" encoding="UTF-8"?>
<!-- Generated by org.testng.reporters.JUnitXMLReporter -->
<testsuite hostname="HDDT0260" name="PharmacyLookup_BenefitsEligibility_Verify_BAndEDetailFeature" tests="1" failures="0" timestamp="8 Apr 2019 13:06:32 GMT" time="147.043" errors="0">
  <testcase name="feature" time="146.627" classname="DSTPS.Automation.HybridDesktop.PharmacyLookupAutomation.runners.VerifyPharmacyLookUpBenefitsAndEligibilityDetail_TestRunner"/>
</testsuite> <!-- PharmacyLookup_BenefitsEligibility_Verify_BAndEDetailFeature -->
