<?xml version="1.0" encoding="UTF-8"?>
<!-- Generated by org.testng.reporters.JUnitXMLReporter -->
<testsuite hostname="HDDT0260" name="PharmacyLookup_BenefitsEligibility_Verify_CallNotesFeature" tests="1" failures="0" timestamp="8 Apr 2019 13:04:05 GMT" time="105.075" errors="0">
  <testcase name="feature" time="104.595" classname="DSTPS.Automation.HybridDesktop.PharmacyLookupAutomation.runners.VerifyPharmacyLookUpBenefitsEligibilityCallNotes_TestRunner"/>
</testsuite> <!-- PharmacyLookup_BenefitsEligibility_Verify_CallNotesFeature -->
