<?xml version="1.0" encoding="UTF-8"?>
<!-- Generated by org.testng.reporters.JUnitXMLReporter -->
<testsuite hostname="HDDT0260" name="PharmacyLookup_BenefitsEligibility_Verify_DualCoverageFeature2" tests="1" failures="0" timestamp="26 Mar 2019 09:48:05 GMT" time="99.503" errors="0">
  <testcase name="feature" time="99.148" classname="DSTPS.Automation.HybridDesktop.PharmacyLookupAutomation.runners.VerifyPharmacyLookUpBenefitsAndEligibilityDualCoverage_TestRunner"/>
</testsuite> <!-- PharmacyLookup_BenefitsEligibility_Verify_DualCoverageFeature2 -->
