<?xml version="1.0" encoding="UTF-8"?>
<!-- Generated by org.testng.reporters.JUnitXMLReporter -->
<testsuite hostname="HDDT0260" name="PharmacyLookup_Authorization_Verify_CallNotesFeature" tests="1" failures="0" timestamp="8 Apr 2019 13:53:44 GMT" time="111.474" errors="0">
  <testcase name="feature" time="111.102" classname="DSTPS.Automation.HybridDesktop.PharmacyLookupAutomation.runners.VerifyPharmacyLookUpAuthorizationCallNotes_TestRunner"/>
</testsuite> <!-- PharmacyLookup_Authorization_Verify_CallNotesFeature -->
