<?xml version="1.0" encoding="UTF-8"?>
<!-- Generated by org.testng.reporters.JUnitXMLReporter -->
<testsuite hostname="HDDT0260" name="PharmacyLookup_Authorization_Verify_GeneralInformationFeature" tests="1" failures="0" timestamp="8 Apr 2019 13:57:06 GMT" time="106.274" errors="0">
  <testcase name="feature" time="105.895" classname="DSTPS.Automation.HybridDesktop.PharmacyLookupAutomation.runners.VerifyPharmacyLookUpAuthorizationGeneralInformation_TestRunner"/>
</testsuite> <!-- PharmacyLookup_Authorization_Verify_GeneralInformationFeature -->
