<?xml version="1.0" encoding="UTF-8"?>
<!-- Generated by org.testng.reporters.JUnitXMLReporter -->
<testsuite hostname="HDDT0260" name="PharmacyLookup_CallNotes_Verify_CallNotesFeature" tests="1" failures="0" timestamp="8 Apr 2019 14:04:30 GMT" time="104.724" errors="0">
  <testcase name="feature" time="104.364" classname="DSTPS.Automation.HybridDesktop.PharmacyLookupAutomation.runners.VerifyPharmacyLookUpCallNotes_TestRunner"/>
</testsuite> <!-- PharmacyLookup_CallNotes_Verify_CallNotesFeature -->
