<?xml version="1.0" encoding="UTF-8"?>
<!-- Generated by org.testng.reporters.JUnitXMLReporter -->
<testsuite hostname="HDDT0260" name="PharmacyLookup_BenefitsEligibility_Verify_DualCoverageFeature" tests="1" failures="0" timestamp="8 Apr 2019 13:13:41 GMT" time="97.455" errors="0">
  <testcase name="feature" time="97.049" classname="DSTPS.Automation.HybridDesktop.PharmacyLookupAutomation.runners.VerifyPharmacyLookUpBenefitsAndEligibilityDualCoverage_TestRunner"/>
</testsuite> <!-- PharmacyLookup_BenefitsEligibility_Verify_DualCoverageFeature -->
