<?xml version="1.0" encoding="UTF-8"?>
<!-- Generated by org.testng.reporters.JUnitXMLReporter -->
<testsuite hostname="HDDT0260" name="PharmacyLookup_Claim_Verify_ClaimHistoryFeature" tests="1" failures="0" timestamp="8 Apr 2019 13:15:46 GMT" time="124.614" errors="0">
  <testcase name="feature" time="124.272" classname="DSTPS.Automation.HybridDesktop.PharmacyLookupAutomation.runners.VerifyPharmacyLookUpClaimClaimHistory_TestRunner"/>
</testsuite> <!-- PharmacyLookup_Claim_Verify_ClaimHistoryFeature -->
