<?xml version="1.0" encoding="UTF-8"?>
<!-- Generated by org.testng.reporters.JUnitXMLReporter -->
<testsuite hostname="HDDT0260" name="PharmacyLookup_Claim_Verify_TransferRulesCCInformationFeature" tests="1" failures="0" timestamp="8 Apr 2019 13:34:05 GMT" time="99.713" errors="0">
  <testcase name="feature" time="99.354" classname="DSTPS.Automation.HybridDesktop.PharmacyLookupAutomation.runners.VerifyPharmacyLookUpClaimTransferRulesCCInformation_TestRunner"/>
</testsuite> <!-- PharmacyLookup_Claim_Verify_TransferRulesCCInformationFeature -->
