<?xml version="1.0" encoding="UTF-8"?>
<!-- Generated by org.testng.reporters.JUnitXMLReporter -->
<testsuite hostname="HDDT0260" name="PharmacyLookup_Formulary_Verify_DrugResultsFeature" tests="1" failures="0" timestamp="8 Apr 2019 13:44:17 GMT" time="125.937" errors="0">
  <testcase name="feature" time="125.561" classname="DSTPS.Automation.HybridDesktop.PharmacyLookupAutomation.runners.VerifyPharmacyLookUpFormularyDrugResults_TestRunner"/>
</testsuite> <!-- PharmacyLookup_Formulary_Verify_DrugResultsFeature -->
