<?xml version="1.0" encoding="UTF-8"?>
<!-- Generated by org.testng.reporters.JUnitXMLReporter -->
<testsuite hostname="HDDT0260" name="PharmacyLookup_Claim_Verify_ClaimDetailFeature" tests="1" failures="0" timestamp="8 Apr 2019 13:38:29 GMT" time="155.088" errors="0">
  <testcase name="feature" time="154.708" classname="DSTPS.Automation.HybridDesktop.PharmacyLookupAutomation.runners.VerifyPharmacyLookUpClaimClaimDetails_TestRunner"/>
</testsuite> <!-- PharmacyLookup_Claim_Verify_ClaimDetailFeature -->
