<?xml version="1.0" encoding="UTF-8"?>
<!-- Generated by org.testng.reporters.JUnitXMLReporter -->
<testsuite hostname="HDDT0260" name="PharmacyLookup_Reimbursement_Verify_CallNotesFeature" tests="1" failures="0" timestamp="8 Apr 2019 14:00:52 GMT" time="130.036" errors="0">
  <testcase name="feature" time="129.644" classname="DSTPS.Automation.HybridDesktop.PharmacyLookupAutomation.runners.VerifyPharmacyLookUpReimbursementCallNotes_TestRunner"/>
</testsuite> <!-- PharmacyLookup_Reimbursement_Verify_CallNotesFeature -->
