<?xml version="1.0" encoding="UTF-8"?>
<!-- Generated by org.testng.reporters.JUnitXMLReporter -->
<testsuite hostname="HDDT0260" name="PharmacyLookup_BenefitsEligibility_Verify_DeduductibleAndAccumulatorsFeature" tests="1" failures="0" timestamp="8 Apr 2019 13:10:04 GMT" time="108.809" errors="0">
  <testcase name="feature" time="108.386" classname="DSTPS.Automation.HybridDesktop.PharmacyLookupAutomation.runners.VerifyPharmacyLookUpBenefitsAndEligibilityDeductibleAndAccumulator_TestRunner"/>
</testsuite> <!-- PharmacyLookup_BenefitsEligibility_Verify_DeduductibleAndAccumulatorsFeature -->
