<?xml version="1.0" encoding="UTF-8"?>
<!-- Generated by org.testng.reporters.JUnitXMLReporter -->
<testsuite hostname="HDDT0260" name="PharmacyLookup_Claim_Verify_AdditionalInformationFeature" tests="1" failures="0" timestamp="8 Apr 2019 13:20:52 GMT" time="107.852" errors="0">
  <testcase name="feature" time="107.496" classname="DSTPS.Automation.HybridDesktop.PharmacyLookupAutomation.runners.VerifyPharmacyLookUpClaimAdditionalInformation_TestRunner"/>
</testsuite> <!-- PharmacyLookup_Claim_Verify_AdditionalInformationFeature -->
