<?xml version="1.0" encoding="UTF-8"?>
<!-- Generated by org.testng.reporters.JUnitXMLReporter -->
<testsuite hostname="HDDT0260" name="PharmacyLookup_BenefitsEligibility_Verify_DualCoverageFeature1" tests="1" failures="0" timestamp="26 Mar 2019 09:46:26 GMT" time="106.774" errors="0">
  <testcase name="feature" time="103.342" classname="DSTPS.Automation.HybridDesktop.PharmacyLookupAutomation.runners.VerifyPharmacyLookUpBenefitsAndEligibilityDualCoverage_TestRunner"/>
</testsuite> <!-- PharmacyLookup_BenefitsEligibility_Verify_DualCoverageFeature1 -->
