<?xml version="1.0" encoding="UTF-8"?>
<!-- Generated by org.testng.reporters.JUnitXMLReporter -->
<testsuite hostname="HDDT0260" name="PharmacyLookup_Claim_Verify_DrugInformationFeature" tests="1" failures="0" timestamp="8 Apr 2019 13:30:50 GMT" time="123.858" errors="0">
  <testcase name="feature" time="123.484" classname="DSTPS.Automation.HybridDesktop.PharmacyLookupAutomation.runners.VerifyPharmacyLookUpClaimDrugInformation_TestRunner"/>
</testsuite> <!-- PharmacyLookup_Claim_Verify_DrugInformationFeature -->
