<?xml version="1.0" encoding="UTF-8"?>
<!-- Generated by org.testng.reporters.JUnitXMLReporter -->
<testsuite hostname="HDDT0260" name="PharmacyLookup_Pharmacy_Verify_CallNotesFeature" tests="1" failures="0" timestamp="8 Apr 2019 13:49:54 GMT" time="113.743" errors="0">
  <testcase name="feature" time="113.388" classname="DSTPS.Automation.HybridDesktop.PharmacyLookupAutomation.runners.VerifyPharmacyLookUpPharmacyCallNotes_TestRunner"/>
</testsuite> <!-- PharmacyLookup_Pharmacy_Verify_CallNotesFeature -->
