<?xml version="1.0" encoding="UTF-8"?>
<!-- Generated by org.testng.reporters.JUnitXMLReporter -->
<testsuite hostname="HDDT0260" name="PharmacyLookup_Claim_Verify_ErrorsAndMessagesFeature" tests="1" failures="0" timestamp="8 Apr 2019 13:32:25 GMT" time="95.038" errors="0">
  <testcase name="feature" time="94.559" classname="DSTPS.Automation.HybridDesktop.PharmacyLookupAutomation.runners.VerifyPharmacyLookUpClaimErrorsAndMessages_TestRunner"/>
</testsuite> <!-- PharmacyLookup_Claim_Verify_ErrorsAndMessagesFeature -->
