<?xml version="1.0" encoding="UTF-8"?>
<!-- Generated by org.testng.reporters.JUnitXMLReporter -->
<testsuite hostname="HDDT0260" name="PharmacyLookup_Reimbursement_Verify_ReimbursementResultsFeature" tests="1" failures="0" timestamp="8 Apr 2019 14:02:45 GMT" time="113.323" errors="0">
  <testcase name="feature" time="113.009" classname="DSTPS.Automation.HybridDesktop.PharmacyLookupAutomation.runners.VerifyPharmacyLookUpReimbursementResults_TestRunner"/>
</testsuite> <!-- PharmacyLookup_Reimbursement_Verify_ReimbursementResultsFeature -->
