<?xml version="1.0" encoding="UTF-8"?>
<!-- Generated by org.testng.reporters.JUnitXMLReporter -->
<testsuite hostname="HDDT0260" name="PharmacyLookup_Claim_Verify_CompoundFeature" tests="1" failures="0" timestamp="8 Apr 2019 13:26:56 GMT" time="144.254" errors="0">
  <testcase name="feature" time="143.864" classname="DSTPS.Automation.HybridDesktop.PharmacyLookupAutomation.runners.VerifyPharmacyLookUpClaimCompound_TestRunner"/>
</testsuite> <!-- PharmacyLookup_Claim_Verify_CompoundFeature -->
