<?xml version="1.0" encoding="UTF-8"?>
<!-- Generated by org.testng.reporters.JUnitXMLReporter -->
<testsuite hostname="HDDT0260" name="PharmacyLookup_Search_VerifySubmittedInformationFeature" tests="1" failures="0" timestamp="8 Apr 2019 13:01:04 GMT" time="131.114" errors="0">
  <testcase name="feature" time="129.264" classname="DSTPS.Automation.HybridDesktop.PharmacyLookupAutomation.runners.SearchPharmacyLookUpAndVerifySubmittedInformation_TestRunner"/>
</testsuite> <!-- PharmacyLookup_Search_VerifySubmittedInformationFeature -->
