<?xml version="1.0" encoding="UTF-8"?>
<!-- Generated by org.testng.reporters.JUnitXMLReporter -->
<testsuite hostname="HDDT0260" name="PharmacyLookup_Claim_Verify_ContextualHelpFeature" tests="1" failures="0" timestamp="8 Apr 2019 13:17:22 GMT" time="95.819" errors="0">
  <testcase name="feature" time="95.24" classname="DSTPS.Automation.HybridDesktop.PharmacyLookupAutomation.runners.VerifyPharmacyLookUpClaimContextualHelp_TestRunner"/>
</testsuite> <!-- PharmacyLookup_Claim_Verify_ContextualHelpFeature -->
