<?xml version="1.0" encoding="UTF-8"?>
<!-- Generated by org.testng.reporters.JUnitXMLReporter -->
<testsuite hostname="HDDT0260" name="PharmacyLookup_Authorization_Verify_NotesAndHistoryFeature" tests="1" failures="0" timestamp="8 Apr 2019 13:58:42 GMT" time="95.89" errors="0">
  <testcase name="feature" time="95.53" classname="DSTPS.Automation.HybridDesktop.PharmacyLookupAutomation.runners.VerifyPharmacyLookUpAuthorizationNotesAndHistory_TestRunner"/>
</testsuite> <!-- PharmacyLookup_Authorization_Verify_NotesAndHistoryFeature -->
