<?xml version="1.0" encoding="UTF-8"?>
<!-- Generated by org.testng.reporters.JUnitXMLReporter -->
<testsuite hostname="HDDT0260" name="PharmacyLookup_BenefitsEligibility_Verify_DualCoverageFeature5" tests="1" failures="0" timestamp="26 Mar 2019 09:53:28 GMT" time="128.98" errors="0">
  <testcase name="feature" time="128.635" classname="DSTPS.Automation.HybridDesktop.PharmacyLookupAutomation.runners.VerifyPharmacyLookUpBenefitsAndEligibilityDualCoverage_TestRunner"/>
</testsuite> <!-- PharmacyLookup_BenefitsEligibility_Verify_DualCoverageFeature5 -->
