<?xml version="1.0" encoding="UTF-8"?>
<!-- Generated by org.testng.reporters.JUnitXMLReporter -->
<testsuite hostname="HDDT0260" name="PharmacyLookup_Claim_Verify_ClaimRawDataFeature" tests="1" failures="0" timestamp="8 Apr 2019 13:19:04 GMT" time="102.613" errors="0">
  <testcase name="feature" time="102.253" classname="DSTPS.Automation.HybridDesktop.PharmacyLookupAutomation.runners.VerifyPharmacyLookUpClaimClaimRawData_TestRunner"/>
</testsuite> <!-- PharmacyLookup_Claim_Verify_ClaimRawDataFeature -->
