<?xml version="1.0" encoding="UTF-8"?>
<!-- Generated by org.testng.reporters.JUnitXMLReporter -->
<testsuite hostname="HDDT0260" name="PharmacyLookup_Authorization_Verify_AuthResultsFeature" tests="1" failures="0" timestamp="8 Apr 2019 13:55:20 GMT" time="95.805" errors="0">
  <testcase name="feature" time="95.493" classname="DSTPS.Automation.HybridDesktop.PharmacyLookupAutomation.runners.VerifyPharmacyLookUpAuthResults_TestRunner"/>
</testsuite> <!-- PharmacyLookup_Authorization_Verify_AuthResultsFeature -->
