<?xml version="1.0" encoding="UTF-8"?>
<!-- Generated by org.testng.reporters.JUnitXMLReporter -->
<testsuite hostname="HDDT0260" name="PharmacyLookup_Pharmacy_Verify_PharmacyResultsFeature" tests="1" failures="0" timestamp="8 Apr 2019 13:51:52 GMT" time="118.312" errors="0">
  <testcase name="feature" time="117.983" classname="DSTPS.Automation.HybridDesktop.PharmacyLookupAutomation.runners.VerifyPharmacyLookUpPharmacyResults_TestRunner"/>
</testsuite> <!-- PharmacyLookup_Pharmacy_Verify_PharmacyResultsFeature -->
