<?xml version="1.0" encoding="UTF-8"?>
<!-- Generated by org.testng.reporters.JUnitXMLReporter -->
<testsuite hostname="HDDT0260" name="PharmacyLookup_Claim_Verify_BenefitsFeature" tests="1" failures="0" timestamp="8 Apr 2019 13:28:46 GMT" time="109.672" errors="0">
  <testcase name="feature" time="109.281" classname="DSTPS.Automation.HybridDesktop.PharmacyLookupAutomation.runners.VerifyPharmacyLookUpClaimBenefits_TestRunner"/>
</testsuite> <!-- PharmacyLookup_Claim_Verify_BenefitsFeature -->
