<?xml version="1.0" encoding="UTF-8"?>
<!-- Generated by org.testng.reporters.JUnitXMLReporter -->
<testsuite hostname="HDDT0260" name="PharmacyLookup_Formulary_Verify_CallNotesFeature" tests="1" failures="0" timestamp="8 Apr 2019 13:42:11 GMT" time="114.99" errors="0">
  <testcase name="feature" time="114.6" classname="DSTPS.Automation.HybridDesktop.PharmacyLookupAutomation.runners.VerifyPharmacyLookUpFormularyCallNotes_TestRunner"/>
</testsuite> <!-- PharmacyLookup_Formulary_Verify_CallNotesFeature -->
