<?xml version="1.0" encoding="UTF-8"?>
<!-- Generated by org.testng.reporters.JUnitXMLReporter -->
<testsuite hostname="HDDT0260" name="PharmacyLookup_BenefitsEligibility_Verify_CoverageAndCopayFeature" tests="1" failures="0" timestamp="8 Apr 2019 13:08:15 GMT" time="102.989" errors="0">
  <testcase name="feature" time="102.58" classname="DSTPS.Automation.HybridDesktop.PharmacyLookupAutomation.runners.VerifyPharmacyLookUpBenefitsAndEligibilityCoverageAndCopay_TestRunner"/>
</testsuite> <!-- PharmacyLookup_BenefitsEligibility_Verify_CoverageAndCopayFeature -->
